<?xml version="1.0" encoding="UTF-8"?>
<!-- Generated by org.testng.reporters.JUnitXMLReporter -->
<testsuite hostname="Devuser-PC" name="Test" tests="8" failures="8" timestamp="16 Jul 2015 06:27:01 GMT" time="5.192" errors="0">
  <testcase name="TestAndroidParametersLegal" time="4.472" classname="com.gateside.autotesting.generation.unittest.BigEyesVideo_GetCommentList">
    <failure type="java.net.UnknownHostException" message="api.demo.tv">
      <![CDATA[java.net.UnknownHostException: api.demo.tv
	at java.net.AbstractPlainSocketImpl.connect(Unknown Source)
	at java.net.PlainSocketImpl.connect(Unknown Source)
	at java.net.SocksSocketImpl.connect(Unknown Source)
	at java.net.Socket.connect(Unknown Source)
	at java.net.Socket.connect(Unknown Source)
	at sun.net.NetworkClient.doConnect(Unknown Source)
	at sun.net.www.http.HttpClient.openServer(Unknown Source)
	at sun.net.www.http.HttpClient.openServer(Unknown Source)
	at sun.net.www.http.HttpClient.<init>(Unknown Source)
	at sun.net.www.http.HttpClient.New(Unknown Source)
	at sun.net.www.http.HttpClient.New(Unknown Source)
	at sun.net.www.protocol.http.HttpURLConnection.getNewHttpClient(Unknown Source)
	at sun.net.www.protocol.http.HttpURLConnection.plainConnect(Unknown Source)
	at sun.net.www.protocol.http.HttpURLConnection.connect(Unknown Source)
	at sun.net.www.protocol.http.HttpURLConnection.getOutputStream(Unknown Source)
	at com.meterware.httpunit.MessageBodyWebRequest.completeRequest(MessageBodyWebRequest.java:119)
	at com.meterware.httpunit.WebConversation.newResponse(WebConversation.java:82)
	at com.meterware.httpunit.WebClient.createResponse(WebClient.java:647)
	at com.meterware.httpunit.WebWindow.getResource(WebWindow.java:220)
	at com.meterware.httpunit.WebWindow.getSubframeResponse(WebWindow.java:181)
	at com.meterware.httpunit.WebWindow.getResponse(WebWindow.java:158)
	at com.meterware.httpunit.WebClient.getResponse(WebClient.java:122)
	at com.gateside.autotesting.Gat.executor.InterfaceSingleStepExecutor.getResponse(Unknown Source)
	at com.gateside.autotesting.Gat.executor.InterfaceSingleStepExecutor.executeCase(Unknown Source)
	at com.gateside.autotesting.Gat.executor.CaseExecutor.execute(Unknown Source)
	at com.gateside.autotesting.generation.unittest.BigEyesVideo_GetCommentList.TestAndroidParametersLegal(Unknown Source)
... Removed 23 stack frames]]>
    </failure>
  </testcase> <!-- TestAndroidParametersLegal -->
  <testcase name="TestOsVersion60" time="0.086" classname="com.gateside.autotesting.generation.unittest.BigEyesVideo_GetCommentList">
    <failure type="java.net.UnknownHostException" message="api.demo.tv">
      <![CDATA[java.net.UnknownHostException: api.demo.tv
	at java.net.AbstractPlainSocketImpl.connect(Unknown Source)
	at java.net.PlainSocketImpl.connect(Unknown Source)
	at java.net.SocksSocketImpl.connect(Unknown Source)
	at java.net.Socket.connect(Unknown Source)
	at java.net.Socket.connect(Unknown Source)
	at sun.net.NetworkClient.doConnect(Unknown Source)
	at sun.net.www.http.HttpClient.openServer(Unknown Source)
	at sun.net.www.http.HttpClient.openServer(Unknown Source)
	at sun.net.www.http.HttpClient.<init>(Unknown Source)
	at sun.net.www.http.HttpClient.New(Unknown Source)
	at sun.net.www.http.HttpClient.New(Unknown Source)
	at sun.net.www.protocol.http.HttpURLConnection.getNewHttpClient(Unknown Source)
	at sun.net.www.protocol.http.HttpURLConnection.plainConnect(Unknown Source)
	at sun.net.www.protocol.http.HttpURLConnection.connect(Unknown Source)
	at sun.net.www.protocol.http.HttpURLConnection.getOutputStream(Unknown Source)
	at com.meterware.httpunit.MessageBodyWebRequest.completeRequest(MessageBodyWebRequest.java:119)
	at com.meterware.httpunit.WebConversation.newResponse(WebConversation.java:82)
	at com.meterware.httpunit.WebClient.createResponse(WebClient.java:647)
	at com.meterware.httpunit.WebWindow.getResource(WebWindow.java:220)
	at com.meterware.httpunit.WebWindow.getSubframeResponse(WebWindow.java:181)
	at com.meterware.httpunit.WebWindow.getResponse(WebWindow.java:158)
	at com.meterware.httpunit.WebClient.getResponse(WebClient.java:122)
	at com.gateside.autotesting.Gat.executor.InterfaceSingleStepExecutor.getResponse(Unknown Source)
	at com.gateside.autotesting.Gat.executor.InterfaceSingleStepExecutor.executeCase(Unknown Source)
	at com.gateside.autotesting.Gat.executor.CaseExecutor.execute(Unknown Source)
	at com.gateside.autotesting.generation.unittest.BigEyesVideo_GetCommentList.TestOsVersion60(Unknown Source)
... Removed 23 stack frames]]>
    </failure>
  </testcase> <!-- TestOsVersion60 -->
  <testcase name="TestOsVersion61" time="0.071" classname="com.gateside.autotesting.generation.unittest.BigEyesVideo_GetCommentList">
    <failure type="java.net.UnknownHostException" message="api.demo.tv">
      <![CDATA[java.net.UnknownHostException: api.demo.tv
	at java.net.AbstractPlainSocketImpl.connect(Unknown Source)
	at java.net.PlainSocketImpl.connect(Unknown Source)
	at java.net.SocksSocketImpl.connect(Unknown Source)
	at java.net.Socket.connect(Unknown Source)
	at java.net.Socket.connect(Unknown Source)
	at sun.net.NetworkClient.doConnect(Unknown Source)
	at sun.net.www.http.HttpClient.openServer(Unknown Source)
	at sun.net.www.http.HttpClient.openServer(Unknown Source)
	at sun.net.www.http.HttpClient.<init>(Unknown Source)
	at sun.net.www.http.HttpClient.New(Unknown Source)
	at sun.net.www.http.HttpClient.New(Unknown Source)
	at sun.net.www.protocol.http.HttpURLConnection.getNewHttpClient(Unknown Source)
	at sun.net.www.protocol.http.HttpURLConnection.plainConnect(Unknown Source)
	at sun.net.www.protocol.http.HttpURLConnection.connect(Unknown Source)
	at sun.net.www.protocol.http.HttpURLConnection.getOutputStream(Unknown Source)
	at com.meterware.httpunit.MessageBodyWebRequest.completeRequest(MessageBodyWebRequest.java:119)
	at com.meterware.httpunit.WebConversation.newResponse(WebConversation.java:82)
	at com.meterware.httpunit.WebClient.createResponse(WebClient.java:647)
	at com.meterware.httpunit.WebWindow.getResource(WebWindow.java:220)
	at com.meterware.httpunit.WebWindow.getSubframeResponse(WebWindow.java:181)
	at com.meterware.httpunit.WebWindow.getResponse(WebWindow.java:158)
	at com.meterware.httpunit.WebClient.getResponse(WebClient.java:122)
	at com.gateside.autotesting.Gat.executor.InterfaceSingleStepExecutor.getResponse(Unknown Source)
	at com.gateside.autotesting.Gat.executor.InterfaceSingleStepExecutor.executeCase(Unknown Source)
	at com.gateside.autotesting.Gat.executor.CaseExecutor.execute(Unknown Source)
	at com.gateside.autotesting.generation.unittest.BigEyesVideo_GetCommentList.TestOsVersion61(Unknown Source)
... Removed 23 stack frames]]>
    </failure>
  </testcase> <!-- TestOsVersion61 -->
  <testcase name="TestOsVersion71" time="0.064" classname="com.gateside.autotesting.generation.unittest.BigEyesVideo_GetCommentList">
    <failure type="java.net.UnknownHostException" message="api.demo.tv">
      <![CDATA[java.net.UnknownHostException: api.demo.tv
	at java.net.AbstractPlainSocketImpl.connect(Unknown Source)
	at java.net.PlainSocketImpl.connect(Unknown Source)
	at java.net.SocksSocketImpl.connect(Unknown Source)
	at java.net.Socket.connect(Unknown Source)
	at java.net.Socket.connect(Unknown Source)
	at sun.net.NetworkClient.doConnect(Unknown Source)
	at sun.net.www.http.HttpClient.openServer(Unknown Source)
	at sun.net.www.http.HttpClient.openServer(Unknown Source)
	at sun.net.www.http.HttpClient.<init>(Unknown Source)
	at sun.net.www.http.HttpClient.New(Unknown Source)
	at sun.net.www.http.HttpClient.New(Unknown Source)
	at sun.net.www.protocol.http.HttpURLConnection.getNewHttpClient(Unknown Source)
	at sun.net.www.protocol.http.HttpURLConnection.plainConnect(Unknown Source)
	at sun.net.www.protocol.http.HttpURLConnection.connect(Unknown Source)
	at sun.net.www.protocol.http.HttpURLConnection.getOutputStream(Unknown Source)
	at com.meterware.httpunit.MessageBodyWebRequest.completeRequest(MessageBodyWebRequest.java:119)
	at com.meterware.httpunit.WebConversation.newResponse(WebConversation.java:82)
	at com.meterware.httpunit.WebClient.createResponse(WebClient.java:647)
	at com.meterware.httpunit.WebWindow.getResource(WebWindow.java:220)
	at com.meterware.httpunit.WebWindow.getSubframeResponse(WebWindow.java:181)
	at com.meterware.httpunit.WebWindow.getResponse(WebWindow.java:158)
	at com.meterware.httpunit.WebClient.getResponse(WebClient.java:122)
	at com.gateside.autotesting.Gat.executor.InterfaceSingleStepExecutor.getResponse(Unknown Source)
	at com.gateside.autotesting.Gat.executor.InterfaceSingleStepExecutor.executeCase(Unknown Source)
	at com.gateside.autotesting.Gat.executor.CaseExecutor.execute(Unknown Source)
	at com.gateside.autotesting.generation.unittest.BigEyesVideo_GetCommentList.TestOsVersion71(Unknown Source)
... Removed 23 stack frames]]>
    </failure>
  </testcase> <!-- TestOsVersion71 -->
  <testcase name="TestRequiredParametersEmpty" time="0.085" classname="com.gateside.autotesting.generation.unittest.BigEyesVideo_GetCommentList">
    <failure type="java.net.UnknownHostException" message="api.demo.tv">
      <![CDATA[java.net.UnknownHostException: api.demo.tv
	at java.net.AbstractPlainSocketImpl.connect(Unknown Source)
	at java.net.PlainSocketImpl.connect(Unknown Source)
	at java.net.SocksSocketImpl.connect(Unknown Source)
	at java.net.Socket.connect(Unknown Source)
	at java.net.Socket.connect(Unknown Source)
	at sun.net.NetworkClient.doConnect(Unknown Source)
	at sun.net.www.http.HttpClient.openServer(Unknown Source)
	at sun.net.www.http.HttpClient.openServer(Unknown Source)
	at sun.net.www.http.HttpClient.<init>(Unknown Source)
	at sun.net.www.http.HttpClient.New(Unknown Source)
	at sun.net.www.http.HttpClient.New(Unknown Source)
	at sun.net.www.protocol.http.HttpURLConnection.getNewHttpClient(Unknown Source)
	at sun.net.www.protocol.http.HttpURLConnection.plainConnect(Unknown Source)
	at sun.net.www.protocol.http.HttpURLConnection.connect(Unknown Source)
	at sun.net.www.protocol.http.HttpURLConnection.getOutputStream(Unknown Source)
	at com.meterware.httpunit.MessageBodyWebRequest.completeRequest(MessageBodyWebRequest.java:119)
	at com.meterware.httpunit.WebConversation.newResponse(WebConversation.java:82)
	at com.meterware.httpunit.WebClient.createResponse(WebClient.java:647)
	at com.meterware.httpunit.WebWindow.getResource(WebWindow.java:220)
	at com.meterware.httpunit.WebWindow.getSubframeResponse(WebWindow.java:181)
	at com.meterware.httpunit.WebWindow.getResponse(WebWindow.java:158)
	at com.meterware.httpunit.WebClient.getResponse(WebClient.java:122)
	at com.gateside.autotesting.Gat.executor.InterfaceSingleStepExecutor.getResponse(Unknown Source)
	at com.gateside.autotesting.Gat.executor.InterfaceSingleStepExecutor.executeCase(Unknown Source)
	at com.gateside.autotesting.Gat.executor.CaseExecutor.execute(Unknown Source)
	at com.gateside.autotesting.generation.unittest.BigEyesVideo_GetCommentList.TestRequiredParametersEmpty(Unknown Source)
... Removed 23 stack frames]]>
    </failure>
  </testcase> <!-- TestRequiredParametersEmpty -->
  <testcase name="TestRequiredParametersNull" time="0.059" classname="com.gateside.autotesting.generation.unittest.BigEyesVideo_GetCommentList">
    <failure type="java.net.UnknownHostException" message="api.demo.tv">
      <![CDATA[java.net.UnknownHostException: api.demo.tv
	at java.net.AbstractPlainSocketImpl.connect(Unknown Source)
	at java.net.PlainSocketImpl.connect(Unknown Source)
	at java.net.SocksSocketImpl.connect(Unknown Source)
	at java.net.Socket.connect(Unknown Source)
	at java.net.Socket.connect(Unknown Source)
	at sun.net.NetworkClient.doConnect(Unknown Source)
	at sun.net.www.http.HttpClient.openServer(Unknown Source)
	at sun.net.www.http.HttpClient.openServer(Unknown Source)
	at sun.net.www.http.HttpClient.<init>(Unknown Source)
	at sun.net.www.http.HttpClient.New(Unknown Source)
	at sun.net.www.http.HttpClient.New(Unknown Source)
	at sun.net.www.protocol.http.HttpURLConnection.getNewHttpClient(Unknown Source)
	at sun.net.www.protocol.http.HttpURLConnection.plainConnect(Unknown Source)
	at sun.net.www.protocol.http.HttpURLConnection.connect(Unknown Source)
	at sun.net.www.protocol.http.HttpURLConnection.getOutputStream(Unknown Source)
	at com.meterware.httpunit.MessageBodyWebRequest.completeRequest(MessageBodyWebRequest.java:119)
	at com.meterware.httpunit.WebConversation.newResponse(WebConversation.java:82)
	at com.meterware.httpunit.WebClient.createResponse(WebClient.java:647)
	at com.meterware.httpunit.WebWindow.getResource(WebWindow.java:220)
	at com.meterware.httpunit.WebWindow.getSubframeResponse(WebWindow.java:181)
	at com.meterware.httpunit.WebWindow.getResponse(WebWindow.java:158)
	at com.meterware.httpunit.WebClient.getResponse(WebClient.java:122)
	at com.gateside.autotesting.Gat.executor.InterfaceSingleStepExecutor.getResponse(Unknown Source)
	at com.gateside.autotesting.Gat.executor.InterfaceSingleStepExecutor.executeCase(Unknown Source)
	at com.gateside.autotesting.Gat.executor.CaseExecutor.execute(Unknown Source)
	at com.gateside.autotesting.generation.unittest.BigEyesVideo_GetCommentList.TestRequiredParametersNull(Unknown Source)
... Removed 23 stack frames]]>
    </failure>
  </testcase> <!-- TestRequiredParametersNull -->
  <testcase name="TestWindows" time="0.084" classname="com.gateside.autotesting.generation.unittest.BigEyesVideo_GetCommentList">
    <failure type="java.net.UnknownHostException" message="api.demo.tv">
      <![CDATA[java.net.UnknownHostException: api.demo.tv
	at java.net.AbstractPlainSocketImpl.connect(Unknown Source)
	at java.net.PlainSocketImpl.connect(Unknown Source)
	at java.net.SocksSocketImpl.connect(Unknown Source)
	at java.net.Socket.connect(Unknown Source)
	at java.net.Socket.connect(Unknown Source)
	at sun.net.NetworkClient.doConnect(Unknown Source)
	at sun.net.www.http.HttpClient.openServer(Unknown Source)
	at sun.net.www.http.HttpClient.openServer(Unknown Source)
	at sun.net.www.http.HttpClient.<init>(Unknown Source)
	at sun.net.www.http.HttpClient.New(Unknown Source)
	at sun.net.www.http.HttpClient.New(Unknown Source)
	at sun.net.www.protocol.http.HttpURLConnection.getNewHttpClient(Unknown Source)
	at sun.net.www.protocol.http.HttpURLConnection.plainConnect(Unknown Source)
	at sun.net.www.protocol.http.HttpURLConnection.connect(Unknown Source)
	at sun.net.www.protocol.http.HttpURLConnection.getOutputStream(Unknown Source)
	at com.meterware.httpunit.MessageBodyWebRequest.completeRequest(MessageBodyWebRequest.java:119)
	at com.meterware.httpunit.WebConversation.newResponse(WebConversation.java:82)
	at com.meterware.httpunit.WebClient.createResponse(WebClient.java:647)
	at com.meterware.httpunit.WebWindow.getResource(WebWindow.java:220)
	at com.meterware.httpunit.WebWindow.getSubframeResponse(WebWindow.java:181)
	at com.meterware.httpunit.WebWindow.getResponse(WebWindow.java:158)
	at com.meterware.httpunit.WebClient.getResponse(WebClient.java:122)
	at com.gateside.autotesting.Gat.executor.InterfaceSingleStepExecutor.getResponse(Unknown Source)
	at com.gateside.autotesting.Gat.executor.InterfaceSingleStepExecutor.executeCase(Unknown Source)
	at com.gateside.autotesting.Gat.executor.CaseExecutor.execute(Unknown Source)
	at com.gateside.autotesting.generation.unittest.BigEyesVideo_GetCommentList.TestWindows(Unknown Source)
... Removed 23 stack frames]]>
    </failure>
  </testcase> <!-- TestWindows -->
  <testcase name="RegisterGameUser_success" time="0.252" classname="com.gateside.autotesting.generation.unittest.RegisterwithInviteCodeTestCase">
    <failure type="java.lang.NullPointerException">
      <![CDATA[java.lang.NullPointerException
	at com.gateside.autotesting.Gat.executor.CaseExecutor.invokeMethod(Unknown Source)
	at com.gateside.autotesting.Gat.executor.InterfaceStepsExecutor.executeCase(Unknown Source)
	at com.gateside.autotesting.Gat.executor.CaseExecutor.execute(Unknown Source)
	at com.gateside.autotesting.generation.unittest.RegisterwithInviteCodeTestCase.RegisterGameUser_success(Unknown Source)
... Removed 23 stack frames]]>
    </failure>
  </testcase> <!-- RegisterGameUser_success -->
</testsuite> <!-- Test -->
