<?xml version="1.0" encoding="UTF-8"?>
<!-- Generated by org.testng.reporters.JUnitXMLReporter -->
<testsuite hostname="Devuser-PC" name="Test" tests="215" failures="160" timestamp="17 Jul 2015 04:24:24 GMT" time="63.222" errors="0">
  <testcase name="TestAddSubcribeIS_Valid0" time="0.889" classname="com.gateside.autotesting.generation.unittest.BigEyesVideo3_AddSubscrib">
    <failure type="java.lang.NullPointerException">
      <![CDATA[java.lang.NullPointerException
	at com.gateside.autotesting.Gat.executor.CaseExecutor.invokeMethod(CaseExecutor.java:65)
	at com.gateside.autotesting.Gat.executor.InterfaceSingleStepExecutor.exectuePreStep(InterfaceSingleStepExecutor.java:126)
	at com.gateside.autotesting.Gat.executor.InterfaceSingleStepExecutor.setUp(InterfaceSingleStepExecutor.java:50)
	at com.gateside.autotesting.Gat.executor.CaseExecutor.execute(CaseExecutor.java:32)
	at com.gateside.autotesting.generation.unittest.BigEyesVideo3_AddSubscrib.TestAddSubcribeIS_Valid0(BigEyesVideo3_AddSubscrib.java:50)
... Removed 27 stack frames]]>
    </failure>
  </testcase> <!-- TestAddSubcribeIS_Valid0 -->
  <testcase name="TestAndroidParametersLegal" time="0.156" classname="com.gateside.autotesting.generation.unittest.BigEyesVideo3_AddSubscrib">
    <failure type="java.lang.NullPointerException">
      <![CDATA[java.lang.NullPointerException
	at com.gateside.autotesting.Gat.executor.CaseExecutor.invokeMethod(CaseExecutor.java:65)
	at com.gateside.autotesting.Gat.executor.InterfaceSingleStepExecutor.exectuePreStep(InterfaceSingleStepExecutor.java:126)
	at com.gateside.autotesting.Gat.executor.InterfaceSingleStepExecutor.setUp(InterfaceSingleStepExecutor.java:50)
	at com.gateside.autotesting.Gat.executor.CaseExecutor.execute(CaseExecutor.java:32)
	at com.gateside.autotesting.generation.unittest.BigEyesVideo3_AddSubscrib.TestAndroidParametersLegal(BigEyesVideo3_AddSubscrib.java:26)
... Removed 27 stack frames]]>
    </failure>
  </testcase> <!-- TestAndroidParametersLegal -->
  <testcase name="TestIncorrectType1" time="0.203" classname="com.gateside.autotesting.generation.unittest.BigEyesVideo3_AddSubscrib">
    <failure type="java.lang.NullPointerException">
      <![CDATA[java.lang.NullPointerException
	at com.gateside.autotesting.Gat.executor.CaseExecutor.invokeMethod(CaseExecutor.java:65)
	at com.gateside.autotesting.Gat.executor.InterfaceSingleStepExecutor.AddDynamicParameters(InterfaceSingleStepExecutor.java:172)
	at com.gateside.autotesting.Gat.executor.InterfaceSingleStepExecutor.getResponse(InterfaceSingleStepExecutor.java:154)
	at com.gateside.autotesting.Gat.executor.InterfaceSingleStepExecutor.executeCase(InterfaceSingleStepExecutor.java:57)
	at com.gateside.autotesting.Gat.executor.CaseExecutor.execute(CaseExecutor.java:33)
	at com.gateside.autotesting.generation.unittest.BigEyesVideo3_AddSubscrib.TestIncorrectType1(BigEyesVideo3_AddSubscrib.java:56)
... Removed 27 stack frames]]>
    </failure>
  </testcase> <!-- TestIncorrectType1 -->
  <testcase name="TestIncorrectType2" time="0.14" classname="com.gateside.autotesting.generation.unittest.BigEyesVideo3_AddSubscrib">
    <failure type="java.lang.NullPointerException">
      <![CDATA[java.lang.NullPointerException
	at com.gateside.autotesting.Gat.executor.CaseExecutor.invokeMethod(CaseExecutor.java:65)
	at com.gateside.autotesting.Gat.executor.InterfaceSingleStepExecutor.AddDynamicParameters(InterfaceSingleStepExecutor.java:172)
	at com.gateside.autotesting.Gat.executor.InterfaceSingleStepExecutor.getResponse(InterfaceSingleStepExecutor.java:154)
	at com.gateside.autotesting.Gat.executor.InterfaceSingleStepExecutor.executeCase(InterfaceSingleStepExecutor.java:57)
	at com.gateside.autotesting.Gat.executor.CaseExecutor.execute(CaseExecutor.java:33)
	at com.gateside.autotesting.generation.unittest.BigEyesVideo3_AddSubscrib.TestIncorrectType2(BigEyesVideo3_AddSubscrib.java:62)
... Removed 27 stack frames]]>
    </failure>
  </testcase> <!-- TestIncorrectType2 -->
  <testcase name="TestIncorrectType3" time="0.125" classname="com.gateside.autotesting.generation.unittest.BigEyesVideo3_AddSubscrib">
    <failure type="java.lang.NullPointerException">
      <![CDATA[java.lang.NullPointerException
	at com.gateside.autotesting.Gat.executor.CaseExecutor.invokeMethod(CaseExecutor.java:65)
	at com.gateside.autotesting.Gat.executor.InterfaceSingleStepExecutor.AddDynamicParameters(InterfaceSingleStepExecutor.java:172)
	at com.gateside.autotesting.Gat.executor.InterfaceSingleStepExecutor.getResponse(InterfaceSingleStepExecutor.java:154)
	at com.gateside.autotesting.Gat.executor.InterfaceSingleStepExecutor.executeCase(InterfaceSingleStepExecutor.java:57)
	at com.gateside.autotesting.Gat.executor.CaseExecutor.execute(CaseExecutor.java:33)
	at com.gateside.autotesting.generation.unittest.BigEyesVideo3_AddSubscrib.TestIncorrectType3(BigEyesVideo3_AddSubscrib.java:68)
... Removed 27 stack frames]]>
    </failure>
  </testcase> <!-- TestIncorrectType3 -->
  <testcase name="TestOsVersion60" time="0.125" classname="com.gateside.autotesting.generation.unittest.BigEyesVideo3_AddSubscrib">
    <failure type="java.lang.NullPointerException">
      <![CDATA[java.lang.NullPointerException
	at com.gateside.autotesting.Gat.executor.CaseExecutor.invokeMethod(CaseExecutor.java:65)
	at com.gateside.autotesting.Gat.executor.InterfaceSingleStepExecutor.exectuePreStep(InterfaceSingleStepExecutor.java:126)
	at com.gateside.autotesting.Gat.executor.InterfaceSingleStepExecutor.setUp(InterfaceSingleStepExecutor.java:50)
	at com.gateside.autotesting.Gat.executor.CaseExecutor.execute(CaseExecutor.java:32)
	at com.gateside.autotesting.generation.unittest.BigEyesVideo3_AddSubscrib.TestOsVersion60(BigEyesVideo3_AddSubscrib.java:38)
... Removed 27 stack frames]]>
    </failure>
  </testcase> <!-- TestOsVersion60 -->
  <testcase name="TestOsVersion61" time="0.125" classname="com.gateside.autotesting.generation.unittest.BigEyesVideo3_AddSubscrib">
    <failure type="java.lang.NullPointerException">
      <![CDATA[java.lang.NullPointerException
	at com.gateside.autotesting.Gat.executor.CaseExecutor.invokeMethod(CaseExecutor.java:65)
	at com.gateside.autotesting.Gat.executor.InterfaceSingleStepExecutor.exectuePreStep(InterfaceSingleStepExecutor.java:126)
	at com.gateside.autotesting.Gat.executor.InterfaceSingleStepExecutor.setUp(InterfaceSingleStepExecutor.java:50)
	at com.gateside.autotesting.Gat.executor.CaseExecutor.execute(CaseExecutor.java:32)
	at com.gateside.autotesting.generation.unittest.BigEyesVideo3_AddSubscrib.TestOsVersion61(BigEyesVideo3_AddSubscrib.java:44)
... Removed 27 stack frames]]>
    </failure>
  </testcase> <!-- TestOsVersion61 -->
  <testcase name="TestOsVersion71" time="0.156" classname="com.gateside.autotesting.generation.unittest.BigEyesVideo3_AddSubscrib">
    <failure type="java.lang.NullPointerException">
      <![CDATA[java.lang.NullPointerException
	at com.gateside.autotesting.Gat.executor.CaseExecutor.invokeMethod(CaseExecutor.java:65)
	at com.gateside.autotesting.Gat.executor.InterfaceSingleStepExecutor.exectuePreStep(InterfaceSingleStepExecutor.java:126)
	at com.gateside.autotesting.Gat.executor.InterfaceSingleStepExecutor.setUp(InterfaceSingleStepExecutor.java:50)
	at com.gateside.autotesting.Gat.executor.CaseExecutor.execute(CaseExecutor.java:32)
	at com.gateside.autotesting.generation.unittest.BigEyesVideo3_AddSubscrib.TestOsVersion71(BigEyesVideo3_AddSubscrib.java:32)
... Removed 27 stack frames]]>
    </failure>
  </testcase> <!-- TestOsVersion71 -->
  <testcase name="TestRequiredParametersEmpty" time="0.125" classname="com.gateside.autotesting.generation.unittest.BigEyesVideo3_AddSubscrib">
    <failure type="java.lang.NullPointerException">
      <![CDATA[java.lang.NullPointerException
	at com.gateside.autotesting.Gat.executor.CaseExecutor.invokeMethod(CaseExecutor.java:65)
	at com.gateside.autotesting.Gat.executor.InterfaceSingleStepExecutor.AddDynamicParameters(InterfaceSingleStepExecutor.java:172)
	at com.gateside.autotesting.Gat.executor.InterfaceSingleStepExecutor.getResponse(InterfaceSingleStepExecutor.java:154)
	at com.gateside.autotesting.Gat.executor.InterfaceSingleStepExecutor.executeCase(InterfaceSingleStepExecutor.java:57)
	at com.gateside.autotesting.Gat.executor.CaseExecutor.execute(CaseExecutor.java:33)
	at com.gateside.autotesting.generation.unittest.BigEyesVideo3_AddSubscrib.TestRequiredParametersEmpty(BigEyesVideo3_AddSubscrib.java:86)
... Removed 27 stack frames]]>
    </failure>
  </testcase> <!-- TestRequiredParametersEmpty -->
  <testcase name="TestRequiredParametersNull" time="0.124" classname="com.gateside.autotesting.generation.unittest.BigEyesVideo3_AddSubscrib">
    <failure type="java.lang.NullPointerException">
      <![CDATA[java.lang.NullPointerException
	at com.gateside.autotesting.Gat.executor.CaseExecutor.invokeMethod(CaseExecutor.java:65)
	at com.gateside.autotesting.Gat.executor.InterfaceSingleStepExecutor.AddDynamicParameters(InterfaceSingleStepExecutor.java:172)
	at com.gateside.autotesting.Gat.executor.InterfaceSingleStepExecutor.getResponse(InterfaceSingleStepExecutor.java:154)
	at com.gateside.autotesting.Gat.executor.InterfaceSingleStepExecutor.executeCase(InterfaceSingleStepExecutor.java:57)
	at com.gateside.autotesting.Gat.executor.CaseExecutor.execute(CaseExecutor.java:33)
	at com.gateside.autotesting.generation.unittest.BigEyesVideo3_AddSubscrib.TestRequiredParametersNull(BigEyesVideo3_AddSubscrib.java:80)
... Removed 27 stack frames]]>
    </failure>
  </testcase> <!-- TestRequiredParametersNull -->
  <testcase name="TestWindows" time="0.141" classname="com.gateside.autotesting.generation.unittest.BigEyesVideo3_AddSubscrib">
    <failure type="java.lang.NullPointerException">
      <![CDATA[java.lang.NullPointerException
	at com.gateside.autotesting.Gat.executor.CaseExecutor.invokeMethod(CaseExecutor.java:65)
	at com.gateside.autotesting.Gat.executor.InterfaceSingleStepExecutor.AddDynamicParameters(InterfaceSingleStepExecutor.java:172)
	at com.gateside.autotesting.Gat.executor.InterfaceSingleStepExecutor.getResponse(InterfaceSingleStepExecutor.java:154)
	at com.gateside.autotesting.Gat.executor.InterfaceSingleStepExecutor.executeCase(InterfaceSingleStepExecutor.java:57)
	at com.gateside.autotesting.Gat.executor.CaseExecutor.execute(CaseExecutor.java:33)
	at com.gateside.autotesting.generation.unittest.BigEyesVideo3_AddSubscrib.TestWindows(BigEyesVideo3_AddSubscrib.java:74)
... Removed 27 stack frames]]>
    </failure>
  </testcase> <!-- TestWindows -->
  <testcase name="TestAndroidParametersLegal" time="0.125" classname="com.gateside.autotesting.generation.unittest.BigEyesVideo3_DeleteMessage">
    <failure type="java.lang.NullPointerException">
      <![CDATA[java.lang.NullPointerException
	at com.gateside.autotesting.Gat.executor.CaseExecutor.invokeMethod(CaseExecutor.java:65)
	at com.gateside.autotesting.Gat.executor.InterfaceSingleStepExecutor.exectuePreStep(InterfaceSingleStepExecutor.java:126)
	at com.gateside.autotesting.Gat.executor.InterfaceSingleStepExecutor.setUp(InterfaceSingleStepExecutor.java:50)
	at com.gateside.autotesting.Gat.executor.CaseExecutor.execute(CaseExecutor.java:32)
	at com.gateside.autotesting.generation.unittest.BigEyesVideo3_DeleteMessage.TestAndroidParametersLegal(BigEyesVideo3_DeleteMessage.java:26)
... Removed 27 stack frames]]>
    </failure>
  </testcase> <!-- TestAndroidParametersLegal -->
  <testcase name="TestRequiredParametersEmpty" time="0.109" classname="com.gateside.autotesting.generation.unittest.BigEyesVideo3_DeleteMessage">
    <failure type="java.lang.NullPointerException">
      <![CDATA[java.lang.NullPointerException
	at com.gateside.autotesting.Gat.executor.CaseExecutor.invokeMethod(CaseExecutor.java:65)
	at com.gateside.autotesting.Gat.executor.InterfaceSingleStepExecutor.AddDynamicParameters(InterfaceSingleStepExecutor.java:172)
	at com.gateside.autotesting.Gat.executor.InterfaceSingleStepExecutor.getResponse(InterfaceSingleStepExecutor.java:154)
	at com.gateside.autotesting.Gat.executor.InterfaceSingleStepExecutor.executeCase(InterfaceSingleStepExecutor.java:57)
	at com.gateside.autotesting.Gat.executor.CaseExecutor.execute(CaseExecutor.java:33)
	at com.gateside.autotesting.generation.unittest.BigEyesVideo3_DeleteMessage.TestRequiredParametersEmpty(BigEyesVideo3_DeleteMessage.java:44)
... Removed 27 stack frames]]>
    </failure>
  </testcase> <!-- TestRequiredParametersEmpty -->
  <testcase name="TestRequiredParametersNull" time="0.14" classname="com.gateside.autotesting.generation.unittest.BigEyesVideo3_DeleteMessage">
    <failure type="java.lang.NullPointerException">
      <![CDATA[java.lang.NullPointerException
	at com.gateside.autotesting.Gat.executor.CaseExecutor.invokeMethod(CaseExecutor.java:65)
	at com.gateside.autotesting.Gat.executor.InterfaceSingleStepExecutor.AddDynamicParameters(InterfaceSingleStepExecutor.java:172)
	at com.gateside.autotesting.Gat.executor.InterfaceSingleStepExecutor.getResponse(InterfaceSingleStepExecutor.java:154)
	at com.gateside.autotesting.Gat.executor.InterfaceSingleStepExecutor.executeCase(InterfaceSingleStepExecutor.java:57)
	at com.gateside.autotesting.Gat.executor.CaseExecutor.execute(CaseExecutor.java:33)
	at com.gateside.autotesting.generation.unittest.BigEyesVideo3_DeleteMessage.TestRequiredParametersNull(BigEyesVideo3_DeleteMessage.java:38)
... Removed 27 stack frames]]>
    </failure>
  </testcase> <!-- TestRequiredParametersNull -->
  <testcase name="TestWindows" time="0.125" classname="com.gateside.autotesting.generation.unittest.BigEyesVideo3_DeleteMessage">
    <failure type="java.lang.NullPointerException">
      <![CDATA[java.lang.NullPointerException
	at com.gateside.autotesting.Gat.executor.CaseExecutor.invokeMethod(CaseExecutor.java:65)
	at com.gateside.autotesting.Gat.executor.InterfaceSingleStepExecutor.AddDynamicParameters(InterfaceSingleStepExecutor.java:172)
	at com.gateside.autotesting.Gat.executor.InterfaceSingleStepExecutor.getResponse(InterfaceSingleStepExecutor.java:154)
	at com.gateside.autotesting.Gat.executor.InterfaceSingleStepExecutor.executeCase(InterfaceSingleStepExecutor.java:57)
	at com.gateside.autotesting.Gat.executor.CaseExecutor.execute(CaseExecutor.java:33)
	at com.gateside.autotesting.generation.unittest.BigEyesVideo3_DeleteMessage.TestWindows(BigEyesVideo3_DeleteMessage.java:32)
... Removed 27 stack frames]]>
    </failure>
  </testcase> <!-- TestWindows -->
  <testcase name="TestAndroidParametersLegal" time="0.125" classname="com.gateside.autotesting.generation.unittest.BigEyesVideo3_DeleteSubscrib">
    <failure type="java.lang.NullPointerException">
      <![CDATA[java.lang.NullPointerException
	at com.gateside.autotesting.Gat.executor.CaseExecutor.invokeMethod(CaseExecutor.java:65)
	at com.gateside.autotesting.Gat.executor.InterfaceSingleStepExecutor.exectuePreStep(InterfaceSingleStepExecutor.java:126)
	at com.gateside.autotesting.Gat.executor.InterfaceSingleStepExecutor.setUp(InterfaceSingleStepExecutor.java:50)
	at com.gateside.autotesting.Gat.executor.CaseExecutor.execute(CaseExecutor.java:32)
	at com.gateside.autotesting.generation.unittest.BigEyesVideo3_DeleteSubscrib.TestAndroidParametersLegal(BigEyesVideo3_DeleteSubscrib.java:26)
... Removed 27 stack frames]]>
    </failure>
  </testcase> <!-- TestAndroidParametersLegal -->
  <testcase name="TestInvalidType" time="0.109" classname="com.gateside.autotesting.generation.unittest.BigEyesVideo3_DeleteSubscrib">
    <failure type="java.lang.NullPointerException">
      <![CDATA[java.lang.NullPointerException
	at com.gateside.autotesting.Gat.executor.CaseExecutor.invokeMethod(CaseExecutor.java:65)
	at com.gateside.autotesting.Gat.executor.InterfaceSingleStepExecutor.AddDynamicParameters(InterfaceSingleStepExecutor.java:172)
	at com.gateside.autotesting.Gat.executor.InterfaceSingleStepExecutor.getResponse(InterfaceSingleStepExecutor.java:154)
	at com.gateside.autotesting.Gat.executor.InterfaceSingleStepExecutor.executeCase(InterfaceSingleStepExecutor.java:57)
	at com.gateside.autotesting.Gat.executor.CaseExecutor.execute(CaseExecutor.java:33)
	at com.gateside.autotesting.generation.unittest.BigEyesVideo3_DeleteSubscrib.TestInvalidType(BigEyesVideo3_DeleteSubscrib.java:50)
... Removed 27 stack frames]]>
    </failure>
  </testcase> <!-- TestInvalidType -->
  <testcase name="TestOsVersion60" time="0.14" classname="com.gateside.autotesting.generation.unittest.BigEyesVideo3_DeleteSubscrib">
    <failure type="java.lang.NullPointerException">
      <![CDATA[java.lang.NullPointerException
	at com.gateside.autotesting.Gat.executor.CaseExecutor.invokeMethod(CaseExecutor.java:65)
	at com.gateside.autotesting.Gat.executor.InterfaceSingleStepExecutor.exectuePreStep(InterfaceSingleStepExecutor.java:126)
	at com.gateside.autotesting.Gat.executor.InterfaceSingleStepExecutor.setUp(InterfaceSingleStepExecutor.java:50)
	at com.gateside.autotesting.Gat.executor.CaseExecutor.execute(CaseExecutor.java:32)
	at com.gateside.autotesting.generation.unittest.BigEyesVideo3_DeleteSubscrib.TestOsVersion60(BigEyesVideo3_DeleteSubscrib.java:38)
... Removed 27 stack frames]]>
    </failure>
  </testcase> <!-- TestOsVersion60 -->
  <testcase name="TestOsVersion61" time="0.125" classname="com.gateside.autotesting.generation.unittest.BigEyesVideo3_DeleteSubscrib">
    <failure type="java.lang.NullPointerException">
      <![CDATA[java.lang.NullPointerException
	at com.gateside.autotesting.Gat.executor.CaseExecutor.invokeMethod(CaseExecutor.java:65)
	at com.gateside.autotesting.Gat.executor.InterfaceSingleStepExecutor.exectuePreStep(InterfaceSingleStepExecutor.java:126)
	at com.gateside.autotesting.Gat.executor.InterfaceSingleStepExecutor.setUp(InterfaceSingleStepExecutor.java:50)
	at com.gateside.autotesting.Gat.executor.CaseExecutor.execute(CaseExecutor.java:32)
	at com.gateside.autotesting.generation.unittest.BigEyesVideo3_DeleteSubscrib.TestOsVersion61(BigEyesVideo3_DeleteSubscrib.java:44)
... Removed 27 stack frames]]>
    </failure>
  </testcase> <!-- TestOsVersion61 -->
  <testcase name="TestOsVersion71" time="0.125" classname="com.gateside.autotesting.generation.unittest.BigEyesVideo3_DeleteSubscrib">
    <failure type="java.lang.NullPointerException">
      <![CDATA[java.lang.NullPointerException
	at com.gateside.autotesting.Gat.executor.CaseExecutor.invokeMethod(CaseExecutor.java:65)
	at com.gateside.autotesting.Gat.executor.InterfaceSingleStepExecutor.exectuePreStep(InterfaceSingleStepExecutor.java:126)
	at com.gateside.autotesting.Gat.executor.InterfaceSingleStepExecutor.setUp(InterfaceSingleStepExecutor.java:50)
	at com.gateside.autotesting.Gat.executor.CaseExecutor.execute(CaseExecutor.java:32)
	at com.gateside.autotesting.generation.unittest.BigEyesVideo3_DeleteSubscrib.TestOsVersion71(BigEyesVideo3_DeleteSubscrib.java:32)
... Removed 27 stack frames]]>
    </failure>
  </testcase> <!-- TestOsVersion71 -->
  <testcase name="TestRequiredParametersEmpty" time="0.109" classname="com.gateside.autotesting.generation.unittest.BigEyesVideo3_DeleteSubscrib">
    <failure type="java.lang.NullPointerException">
      <![CDATA[java.lang.NullPointerException
	at com.gateside.autotesting.Gat.executor.CaseExecutor.invokeMethod(CaseExecutor.java:65)
	at com.gateside.autotesting.Gat.executor.InterfaceSingleStepExecutor.AddDynamicParameters(InterfaceSingleStepExecutor.java:172)
	at com.gateside.autotesting.Gat.executor.InterfaceSingleStepExecutor.getResponse(InterfaceSingleStepExecutor.java:154)
	at com.gateside.autotesting.Gat.executor.InterfaceSingleStepExecutor.executeCase(InterfaceSingleStepExecutor.java:57)
	at com.gateside.autotesting.Gat.executor.CaseExecutor.execute(CaseExecutor.java:33)
	at com.gateside.autotesting.generation.unittest.BigEyesVideo3_DeleteSubscrib.TestRequiredParametersEmpty(BigEyesVideo3_DeleteSubscrib.java:68)
... Removed 27 stack frames]]>
    </failure>
  </testcase> <!-- TestRequiredParametersEmpty -->
  <testcase name="TestRequiredParametersNull" time="0.125" classname="com.gateside.autotesting.generation.unittest.BigEyesVideo3_DeleteSubscrib">
    <failure type="java.lang.NullPointerException">
      <![CDATA[java.lang.NullPointerException
	at com.gateside.autotesting.Gat.executor.CaseExecutor.invokeMethod(CaseExecutor.java:65)
	at com.gateside.autotesting.Gat.executor.InterfaceSingleStepExecutor.AddDynamicParameters(InterfaceSingleStepExecutor.java:172)
	at com.gateside.autotesting.Gat.executor.InterfaceSingleStepExecutor.getResponse(InterfaceSingleStepExecutor.java:154)
	at com.gateside.autotesting.Gat.executor.InterfaceSingleStepExecutor.executeCase(InterfaceSingleStepExecutor.java:57)
	at com.gateside.autotesting.Gat.executor.CaseExecutor.execute(CaseExecutor.java:33)
	at com.gateside.autotesting.generation.unittest.BigEyesVideo3_DeleteSubscrib.TestRequiredParametersNull(BigEyesVideo3_DeleteSubscrib.java:62)
... Removed 27 stack frames]]>
    </failure>
  </testcase> <!-- TestRequiredParametersNull -->
  <testcase name="TestWindows" time="0.142" classname="com.gateside.autotesting.generation.unittest.BigEyesVideo3_DeleteSubscrib">
    <failure type="java.lang.NullPointerException">
      <![CDATA[java.lang.NullPointerException
	at com.gateside.autotesting.Gat.executor.CaseExecutor.invokeMethod(CaseExecutor.java:65)
	at com.gateside.autotesting.Gat.executor.InterfaceSingleStepExecutor.AddDynamicParameters(InterfaceSingleStepExecutor.java:172)
	at com.gateside.autotesting.Gat.executor.InterfaceSingleStepExecutor.getResponse(InterfaceSingleStepExecutor.java:154)
	at com.gateside.autotesting.Gat.executor.InterfaceSingleStepExecutor.executeCase(InterfaceSingleStepExecutor.java:57)
	at com.gateside.autotesting.Gat.executor.CaseExecutor.execute(CaseExecutor.java:33)
	at com.gateside.autotesting.generation.unittest.BigEyesVideo3_DeleteSubscrib.TestWindows(BigEyesVideo3_DeleteSubscrib.java:56)
... Removed 27 stack frames]]>
    </failure>
  </testcase> <!-- TestWindows -->
  <testcase name="TestAndroidParametersLegal" time="0.126" classname="com.gateside.autotesting.generation.unittest.BigEyesVideo3_GetActivityPage">
    <failure type="java.lang.NullPointerException">
      <![CDATA[java.lang.NullPointerException
	at com.gateside.autotesting.Gat.executor.CaseExecutor.invokeMethod(CaseExecutor.java:65)
	at com.gateside.autotesting.Gat.executor.InterfaceSingleStepExecutor.exectuePreStep(InterfaceSingleStepExecutor.java:126)
	at com.gateside.autotesting.Gat.executor.InterfaceSingleStepExecutor.setUp(InterfaceSingleStepExecutor.java:50)
	at com.gateside.autotesting.Gat.executor.CaseExecutor.execute(CaseExecutor.java:32)
	at com.gateside.autotesting.generation.unittest.BigEyesVideo3_GetActivityPage.TestAndroidParametersLegal(BigEyesVideo3_GetActivityPage.java:26)
... Removed 27 stack frames]]>
    </failure>
  </testcase> <!-- TestAndroidParametersLegal -->
  <testcase name="TestOsVersion60" time="0.109" classname="com.gateside.autotesting.generation.unittest.BigEyesVideo3_GetActivityPage">
    <failure type="java.lang.NullPointerException">
      <![CDATA[java.lang.NullPointerException
	at com.gateside.autotesting.Gat.executor.CaseExecutor.invokeMethod(CaseExecutor.java:65)
	at com.gateside.autotesting.Gat.executor.InterfaceSingleStepExecutor.AddDynamicParameters(InterfaceSingleStepExecutor.java:172)
	at com.gateside.autotesting.Gat.executor.InterfaceSingleStepExecutor.getResponse(InterfaceSingleStepExecutor.java:154)
	at com.gateside.autotesting.Gat.executor.InterfaceSingleStepExecutor.executeCase(InterfaceSingleStepExecutor.java:57)
	at com.gateside.autotesting.Gat.executor.CaseExecutor.execute(CaseExecutor.java:33)
	at com.gateside.autotesting.generation.unittest.BigEyesVideo3_GetActivityPage.TestOsVersion60(BigEyesVideo3_GetActivityPage.java:38)
... Removed 27 stack frames]]>
    </failure>
  </testcase> <!-- TestOsVersion60 -->
  <testcase name="TestOsVersion61" time="0.15" classname="com.gateside.autotesting.generation.unittest.BigEyesVideo3_GetActivityPage">
    <failure type="java.lang.NullPointerException">
      <![CDATA[java.lang.NullPointerException
	at com.gateside.autotesting.Gat.executor.CaseExecutor.invokeMethod(CaseExecutor.java:65)
	at com.gateside.autotesting.Gat.executor.InterfaceSingleStepExecutor.exectuePreStep(InterfaceSingleStepExecutor.java:126)
	at com.gateside.autotesting.Gat.executor.InterfaceSingleStepExecutor.setUp(InterfaceSingleStepExecutor.java:50)
	at com.gateside.autotesting.Gat.executor.CaseExecutor.execute(CaseExecutor.java:32)
	at com.gateside.autotesting.generation.unittest.BigEyesVideo3_GetActivityPage.TestOsVersion61(BigEyesVideo3_GetActivityPage.java:44)
... Removed 27 stack frames]]>
    </failure>
  </testcase> <!-- TestOsVersion61 -->
  <testcase name="TestOsVersion71" time="0.11" classname="com.gateside.autotesting.generation.unittest.BigEyesVideo3_GetActivityPage">
    <failure type="java.lang.NullPointerException">
      <![CDATA[java.lang.NullPointerException
	at com.gateside.autotesting.Gat.executor.CaseExecutor.invokeMethod(CaseExecutor.java:65)
	at com.gateside.autotesting.Gat.executor.InterfaceSingleStepExecutor.exectuePreStep(InterfaceSingleStepExecutor.java:126)
	at com.gateside.autotesting.Gat.executor.InterfaceSingleStepExecutor.setUp(InterfaceSingleStepExecutor.java:50)
	at com.gateside.autotesting.Gat.executor.CaseExecutor.execute(CaseExecutor.java:32)
	at com.gateside.autotesting.generation.unittest.BigEyesVideo3_GetActivityPage.TestOsVersion71(BigEyesVideo3_GetActivityPage.java:32)
... Removed 27 stack frames]]>
    </failure>
  </testcase> <!-- TestOsVersion71 -->
  <testcase name="TestRequiredParametersEmpty" time="0.15" classname="com.gateside.autotesting.generation.unittest.BigEyesVideo3_GetActivityPage">
    <failure type="java.lang.NullPointerException">
      <![CDATA[java.lang.NullPointerException
	at com.gateside.autotesting.Gat.executor.CaseExecutor.invokeMethod(CaseExecutor.java:65)
	at com.gateside.autotesting.Gat.executor.InterfaceSingleStepExecutor.AddDynamicParameters(InterfaceSingleStepExecutor.java:172)
	at com.gateside.autotesting.Gat.executor.InterfaceSingleStepExecutor.getResponse(InterfaceSingleStepExecutor.java:154)
	at com.gateside.autotesting.Gat.executor.InterfaceSingleStepExecutor.executeCase(InterfaceSingleStepExecutor.java:57)
	at com.gateside.autotesting.Gat.executor.CaseExecutor.execute(CaseExecutor.java:33)
	at com.gateside.autotesting.generation.unittest.BigEyesVideo3_GetActivityPage.TestRequiredParametersEmpty(BigEyesVideo3_GetActivityPage.java:62)
... Removed 27 stack frames]]>
    </failure>
  </testcase> <!-- TestRequiredParametersEmpty -->
  <testcase name="TestRequiredParametersNull" time="0.11" classname="com.gateside.autotesting.generation.unittest.BigEyesVideo3_GetActivityPage">
    <failure type="java.lang.NullPointerException">
      <![CDATA[java.lang.NullPointerException
	at com.gateside.autotesting.Gat.executor.CaseExecutor.invokeMethod(CaseExecutor.java:65)
	at com.gateside.autotesting.Gat.executor.InterfaceSingleStepExecutor.AddDynamicParameters(InterfaceSingleStepExecutor.java:172)
	at com.gateside.autotesting.Gat.executor.InterfaceSingleStepExecutor.getResponse(InterfaceSingleStepExecutor.java:154)
	at com.gateside.autotesting.Gat.executor.InterfaceSingleStepExecutor.executeCase(InterfaceSingleStepExecutor.java:57)
	at com.gateside.autotesting.Gat.executor.CaseExecutor.execute(CaseExecutor.java:33)
	at com.gateside.autotesting.generation.unittest.BigEyesVideo3_GetActivityPage.TestRequiredParametersNull(BigEyesVideo3_GetActivityPage.java:56)
... Removed 27 stack frames]]>
    </failure>
  </testcase> <!-- TestRequiredParametersNull -->
  <testcase name="TestWindows" time="0.11" classname="com.gateside.autotesting.generation.unittest.BigEyesVideo3_GetActivityPage">
    <failure type="java.lang.NullPointerException">
      <![CDATA[java.lang.NullPointerException
	at com.gateside.autotesting.Gat.executor.CaseExecutor.invokeMethod(CaseExecutor.java:65)
	at com.gateside.autotesting.Gat.executor.InterfaceSingleStepExecutor.AddDynamicParameters(InterfaceSingleStepExecutor.java:172)
	at com.gateside.autotesting.Gat.executor.InterfaceSingleStepExecutor.getResponse(InterfaceSingleStepExecutor.java:154)
	at com.gateside.autotesting.Gat.executor.InterfaceSingleStepExecutor.executeCase(InterfaceSingleStepExecutor.java:57)
	at com.gateside.autotesting.Gat.executor.CaseExecutor.execute(CaseExecutor.java:33)
	at com.gateside.autotesting.generation.unittest.BigEyesVideo3_GetActivityPage.TestWindows(BigEyesVideo3_GetActivityPage.java:50)
... Removed 27 stack frames]]>
    </failure>
  </testcase> <!-- TestWindows -->
  <testcase name="TestAndroidParametersLegal" time="0.15" classname="com.gateside.autotesting.generation.unittest.BigEyesVideo3_GetCommentList">
    <failure type="java.lang.NullPointerException">
      <![CDATA[java.lang.NullPointerException
	at com.gateside.autotesting.Gat.executor.CaseExecutor.invokeMethod(CaseExecutor.java:65)
	at com.gateside.autotesting.Gat.executor.InterfaceSingleStepExecutor.AddDynamicParameters(InterfaceSingleStepExecutor.java:172)
	at com.gateside.autotesting.Gat.executor.InterfaceSingleStepExecutor.getResponse(InterfaceSingleStepExecutor.java:154)
	at com.gateside.autotesting.Gat.executor.InterfaceSingleStepExecutor.executeCase(InterfaceSingleStepExecutor.java:57)
	at com.gateside.autotesting.Gat.executor.CaseExecutor.execute(CaseExecutor.java:33)
	at com.gateside.autotesting.generation.unittest.BigEyesVideo3_GetCommentList.TestAndroidParametersLegal(BigEyesVideo3_GetCommentList.java:26)
... Removed 27 stack frames]]>
    </failure>
  </testcase> <!-- TestAndroidParametersLegal -->
  <testcase name="TestOsVersion60" time="0.11" classname="com.gateside.autotesting.generation.unittest.BigEyesVideo3_GetCommentList">
    <failure type="java.lang.NullPointerException">
      <![CDATA[java.lang.NullPointerException
	at com.gateside.autotesting.Gat.executor.CaseExecutor.invokeMethod(CaseExecutor.java:65)
	at com.gateside.autotesting.Gat.executor.InterfaceSingleStepExecutor.AddDynamicParameters(InterfaceSingleStepExecutor.java:172)
	at com.gateside.autotesting.Gat.executor.InterfaceSingleStepExecutor.getResponse(InterfaceSingleStepExecutor.java:154)
	at com.gateside.autotesting.Gat.executor.InterfaceSingleStepExecutor.executeCase(InterfaceSingleStepExecutor.java:57)
	at com.gateside.autotesting.Gat.executor.CaseExecutor.execute(CaseExecutor.java:33)
	at com.gateside.autotesting.generation.unittest.BigEyesVideo3_GetCommentList.TestOsVersion60(BigEyesVideo3_GetCommentList.java:38)
... Removed 27 stack frames]]>
    </failure>
  </testcase> <!-- TestOsVersion60 -->
  <testcase name="TestOsVersion61" time="0.11" classname="com.gateside.autotesting.generation.unittest.BigEyesVideo3_GetCommentList">
    <failure type="java.lang.NullPointerException">
      <![CDATA[java.lang.NullPointerException
	at com.gateside.autotesting.Gat.executor.CaseExecutor.invokeMethod(CaseExecutor.java:65)
	at com.gateside.autotesting.Gat.executor.InterfaceSingleStepExecutor.AddDynamicParameters(InterfaceSingleStepExecutor.java:172)
	at com.gateside.autotesting.Gat.executor.InterfaceSingleStepExecutor.getResponse(InterfaceSingleStepExecutor.java:154)
	at com.gateside.autotesting.Gat.executor.InterfaceSingleStepExecutor.executeCase(InterfaceSingleStepExecutor.java:57)
	at com.gateside.autotesting.Gat.executor.CaseExecutor.execute(CaseExecutor.java:33)
	at com.gateside.autotesting.generation.unittest.BigEyesVideo3_GetCommentList.TestOsVersion61(BigEyesVideo3_GetCommentList.java:44)
... Removed 27 stack frames]]>
    </failure>
  </testcase> <!-- TestOsVersion61 -->
  <testcase name="TestOsVersion71" time="0.109" classname="com.gateside.autotesting.generation.unittest.BigEyesVideo3_GetCommentList">
    <failure type="java.lang.NullPointerException">
      <![CDATA[java.lang.NullPointerException
	at com.gateside.autotesting.Gat.executor.CaseExecutor.invokeMethod(CaseExecutor.java:65)
	at com.gateside.autotesting.Gat.executor.InterfaceSingleStepExecutor.AddDynamicParameters(InterfaceSingleStepExecutor.java:172)
	at com.gateside.autotesting.Gat.executor.InterfaceSingleStepExecutor.getResponse(InterfaceSingleStepExecutor.java:154)
	at com.gateside.autotesting.Gat.executor.InterfaceSingleStepExecutor.executeCase(InterfaceSingleStepExecutor.java:57)
	at com.gateside.autotesting.Gat.executor.CaseExecutor.execute(CaseExecutor.java:33)
	at com.gateside.autotesting.generation.unittest.BigEyesVideo3_GetCommentList.TestOsVersion71(BigEyesVideo3_GetCommentList.java:32)
... Removed 27 stack frames]]>
    </failure>
  </testcase> <!-- TestOsVersion71 -->
  <testcase name="TestRequiredParametersEmpty" time="0.109" classname="com.gateside.autotesting.generation.unittest.BigEyesVideo3_GetCommentList">
    <failure type="java.lang.NullPointerException">
      <![CDATA[java.lang.NullPointerException
	at com.gateside.autotesting.Gat.executor.CaseExecutor.invokeMethod(CaseExecutor.java:65)
	at com.gateside.autotesting.Gat.executor.InterfaceSingleStepExecutor.AddDynamicParameters(InterfaceSingleStepExecutor.java:172)
	at com.gateside.autotesting.Gat.executor.InterfaceSingleStepExecutor.getResponse(InterfaceSingleStepExecutor.java:154)
	at com.gateside.autotesting.Gat.executor.InterfaceSingleStepExecutor.executeCase(InterfaceSingleStepExecutor.java:57)
	at com.gateside.autotesting.Gat.executor.CaseExecutor.execute(CaseExecutor.java:33)
	at com.gateside.autotesting.generation.unittest.BigEyesVideo3_GetCommentList.TestRequiredParametersEmpty(BigEyesVideo3_GetCommentList.java:62)
... Removed 27 stack frames]]>
    </failure>
  </testcase> <!-- TestRequiredParametersEmpty -->
  <testcase name="TestRequiredParametersNull" time="0.109" classname="com.gateside.autotesting.generation.unittest.BigEyesVideo3_GetCommentList">
    <failure type="java.lang.NullPointerException">
      <![CDATA[java.lang.NullPointerException
	at com.gateside.autotesting.Gat.executor.CaseExecutor.invokeMethod(CaseExecutor.java:65)
	at com.gateside.autotesting.Gat.executor.InterfaceSingleStepExecutor.AddDynamicParameters(InterfaceSingleStepExecutor.java:172)
	at com.gateside.autotesting.Gat.executor.InterfaceSingleStepExecutor.getResponse(InterfaceSingleStepExecutor.java:154)
	at com.gateside.autotesting.Gat.executor.InterfaceSingleStepExecutor.executeCase(InterfaceSingleStepExecutor.java:57)
	at com.gateside.autotesting.Gat.executor.CaseExecutor.execute(CaseExecutor.java:33)
	at com.gateside.autotesting.generation.unittest.BigEyesVideo3_GetCommentList.TestRequiredParametersNull(BigEyesVideo3_GetCommentList.java:56)
... Removed 27 stack frames]]>
    </failure>
  </testcase> <!-- TestRequiredParametersNull -->
  <testcase name="TestWindows" time="0.141" classname="com.gateside.autotesting.generation.unittest.BigEyesVideo3_GetCommentList">
    <failure type="java.lang.NullPointerException">
      <![CDATA[java.lang.NullPointerException
	at com.gateside.autotesting.Gat.executor.CaseExecutor.invokeMethod(CaseExecutor.java:65)
	at com.gateside.autotesting.Gat.executor.InterfaceSingleStepExecutor.AddDynamicParameters(InterfaceSingleStepExecutor.java:172)
	at com.gateside.autotesting.Gat.executor.InterfaceSingleStepExecutor.getResponse(InterfaceSingleStepExecutor.java:154)
	at com.gateside.autotesting.Gat.executor.InterfaceSingleStepExecutor.executeCase(InterfaceSingleStepExecutor.java:57)
	at com.gateside.autotesting.Gat.executor.CaseExecutor.execute(CaseExecutor.java:33)
	at com.gateside.autotesting.generation.unittest.BigEyesVideo3_GetCommentList.TestWindows(BigEyesVideo3_GetCommentList.java:50)
... Removed 27 stack frames]]>
    </failure>
  </testcase> <!-- TestWindows -->
  <testcase name="TestAndroidParametersLegal" time="0.109" classname="com.gateside.autotesting.generation.unittest.BigEyesVideo3_GetHistory">
    <failure type="java.lang.NullPointerException">
      <![CDATA[java.lang.NullPointerException
	at com.gateside.autotesting.Gat.executor.CaseExecutor.invokeMethod(CaseExecutor.java:65)
	at com.gateside.autotesting.Gat.executor.InterfaceSingleStepExecutor.AddDynamicParameters(InterfaceSingleStepExecutor.java:172)
	at com.gateside.autotesting.Gat.executor.InterfaceSingleStepExecutor.getResponse(InterfaceSingleStepExecutor.java:154)
	at com.gateside.autotesting.Gat.executor.InterfaceSingleStepExecutor.executeCase(InterfaceSingleStepExecutor.java:57)
	at com.gateside.autotesting.Gat.executor.CaseExecutor.execute(CaseExecutor.java:33)
	at com.gateside.autotesting.generation.unittest.BigEyesVideo3_GetHistory.TestAndroidParametersLegal(BigEyesVideo3_GetHistory.java:26)
... Removed 27 stack frames]]>
    </failure>
  </testcase> <!-- TestAndroidParametersLegal -->
  <testcase name="TestOsVersion61" time="0.109" classname="com.gateside.autotesting.generation.unittest.BigEyesVideo3_GetHistory">
    <failure type="java.lang.NullPointerException">
      <![CDATA[java.lang.NullPointerException
	at com.gateside.autotesting.Gat.executor.CaseExecutor.invokeMethod(CaseExecutor.java:65)
	at com.gateside.autotesting.Gat.executor.InterfaceSingleStepExecutor.AddDynamicParameters(InterfaceSingleStepExecutor.java:172)
	at com.gateside.autotesting.Gat.executor.InterfaceSingleStepExecutor.getResponse(InterfaceSingleStepExecutor.java:154)
	at com.gateside.autotesting.Gat.executor.InterfaceSingleStepExecutor.executeCase(InterfaceSingleStepExecutor.java:57)
	at com.gateside.autotesting.Gat.executor.CaseExecutor.execute(CaseExecutor.java:33)
	at com.gateside.autotesting.generation.unittest.BigEyesVideo3_GetHistory.TestOsVersion61(BigEyesVideo3_GetHistory.java:38)
... Removed 27 stack frames]]>
    </failure>
  </testcase> <!-- TestOsVersion61 -->
  <testcase name="TestOsVersion71" time="0.141" classname="com.gateside.autotesting.generation.unittest.BigEyesVideo3_GetHistory">
    <failure type="java.lang.NullPointerException">
      <![CDATA[java.lang.NullPointerException
	at com.gateside.autotesting.Gat.executor.CaseExecutor.invokeMethod(CaseExecutor.java:65)
	at com.gateside.autotesting.Gat.executor.InterfaceSingleStepExecutor.AddDynamicParameters(InterfaceSingleStepExecutor.java:172)
	at com.gateside.autotesting.Gat.executor.InterfaceSingleStepExecutor.getResponse(InterfaceSingleStepExecutor.java:154)
	at com.gateside.autotesting.Gat.executor.InterfaceSingleStepExecutor.executeCase(InterfaceSingleStepExecutor.java:57)
	at com.gateside.autotesting.Gat.executor.CaseExecutor.execute(CaseExecutor.java:33)
	at com.gateside.autotesting.generation.unittest.BigEyesVideo3_GetHistory.TestOsVersion71(BigEyesVideo3_GetHistory.java:32)
... Removed 27 stack frames]]>
    </failure>
  </testcase> <!-- TestOsVersion71 -->
  <testcase name="TestRequiredParametersEmpty" time="0.109" classname="com.gateside.autotesting.generation.unittest.BigEyesVideo3_GetHistory">
    <failure type="java.lang.NullPointerException">
      <![CDATA[java.lang.NullPointerException
	at com.gateside.autotesting.Gat.executor.CaseExecutor.invokeMethod(CaseExecutor.java:65)
	at com.gateside.autotesting.Gat.executor.InterfaceSingleStepExecutor.AddDynamicParameters(InterfaceSingleStepExecutor.java:172)
	at com.gateside.autotesting.Gat.executor.InterfaceSingleStepExecutor.getResponse(InterfaceSingleStepExecutor.java:154)
	at com.gateside.autotesting.Gat.executor.InterfaceSingleStepExecutor.executeCase(InterfaceSingleStepExecutor.java:57)
	at com.gateside.autotesting.Gat.executor.CaseExecutor.execute(CaseExecutor.java:33)
	at com.gateside.autotesting.generation.unittest.BigEyesVideo3_GetHistory.TestRequiredParametersEmpty(BigEyesVideo3_GetHistory.java:56)
... Removed 27 stack frames]]>
    </failure>
  </testcase> <!-- TestRequiredParametersEmpty -->
  <testcase name="TestRequiredParametersNull" time="0.093" classname="com.gateside.autotesting.generation.unittest.BigEyesVideo3_GetHistory">
    <failure type="java.lang.NullPointerException">
      <![CDATA[java.lang.NullPointerException
	at com.gateside.autotesting.Gat.executor.CaseExecutor.invokeMethod(CaseExecutor.java:65)
	at com.gateside.autotesting.Gat.executor.InterfaceSingleStepExecutor.AddDynamicParameters(InterfaceSingleStepExecutor.java:172)
	at com.gateside.autotesting.Gat.executor.InterfaceSingleStepExecutor.getResponse(InterfaceSingleStepExecutor.java:154)
	at com.gateside.autotesting.Gat.executor.InterfaceSingleStepExecutor.executeCase(InterfaceSingleStepExecutor.java:57)
	at com.gateside.autotesting.Gat.executor.CaseExecutor.execute(CaseExecutor.java:33)
	at com.gateside.autotesting.generation.unittest.BigEyesVideo3_GetHistory.TestRequiredParametersNull(BigEyesVideo3_GetHistory.java:50)
... Removed 27 stack frames]]>
    </failure>
  </testcase> <!-- TestRequiredParametersNull -->
  <testcase name="TestWindows" time="0.11" classname="com.gateside.autotesting.generation.unittest.BigEyesVideo3_GetHistory">
    <failure type="java.lang.NullPointerException">
      <![CDATA[java.lang.NullPointerException
	at com.gateside.autotesting.Gat.executor.CaseExecutor.invokeMethod(CaseExecutor.java:65)
	at com.gateside.autotesting.Gat.executor.InterfaceSingleStepExecutor.AddDynamicParameters(InterfaceSingleStepExecutor.java:172)
	at com.gateside.autotesting.Gat.executor.InterfaceSingleStepExecutor.getResponse(InterfaceSingleStepExecutor.java:154)
	at com.gateside.autotesting.Gat.executor.InterfaceSingleStepExecutor.executeCase(InterfaceSingleStepExecutor.java:57)
	at com.gateside.autotesting.Gat.executor.CaseExecutor.execute(CaseExecutor.java:33)
	at com.gateside.autotesting.generation.unittest.BigEyesVideo3_GetHistory.TestWindows(BigEyesVideo3_GetHistory.java:44)
... Removed 27 stack frames]]>
    </failure>
  </testcase> <!-- TestWindows -->
  <testcase name="TestAndroidParametersLegal" time="0.109" classname="com.gateside.autotesting.generation.unittest.BigEyesVideo3_GetMessageList">
    <failure type="java.lang.NullPointerException">
      <![CDATA[java.lang.NullPointerException
	at com.gateside.autotesting.Gat.executor.CaseExecutor.invokeMethod(CaseExecutor.java:65)
	at com.gateside.autotesting.Gat.executor.InterfaceSingleStepExecutor.AddDynamicParameters(InterfaceSingleStepExecutor.java:172)
	at com.gateside.autotesting.Gat.executor.InterfaceSingleStepExecutor.getResponse(InterfaceSingleStepExecutor.java:154)
	at com.gateside.autotesting.Gat.executor.InterfaceSingleStepExecutor.executeCase(InterfaceSingleStepExecutor.java:57)
	at com.gateside.autotesting.Gat.executor.CaseExecutor.execute(CaseExecutor.java:33)
	at com.gateside.autotesting.generation.unittest.BigEyesVideo3_GetMessageList.TestAndroidParametersLegal(BigEyesVideo3_GetMessageList.java:26)
... Removed 27 stack frames]]>
    </failure>
  </testcase> <!-- TestAndroidParametersLegal -->
  <testcase name="TestOsVersion60" time="0.093" classname="com.gateside.autotesting.generation.unittest.BigEyesVideo3_GetMessageList">
    <failure type="java.lang.NullPointerException">
      <![CDATA[java.lang.NullPointerException
	at com.gateside.autotesting.Gat.executor.CaseExecutor.invokeMethod(CaseExecutor.java:65)
	at com.gateside.autotesting.Gat.executor.InterfaceSingleStepExecutor.AddDynamicParameters(InterfaceSingleStepExecutor.java:172)
	at com.gateside.autotesting.Gat.executor.InterfaceSingleStepExecutor.getResponse(InterfaceSingleStepExecutor.java:154)
	at com.gateside.autotesting.Gat.executor.InterfaceSingleStepExecutor.executeCase(InterfaceSingleStepExecutor.java:57)
	at com.gateside.autotesting.Gat.executor.CaseExecutor.execute(CaseExecutor.java:33)
	at com.gateside.autotesting.generation.unittest.BigEyesVideo3_GetMessageList.TestOsVersion60(BigEyesVideo3_GetMessageList.java:38)
... Removed 27 stack frames]]>
    </failure>
  </testcase> <!-- TestOsVersion60 -->
  <testcase name="TestOsVersion71" time="0.141" classname="com.gateside.autotesting.generation.unittest.BigEyesVideo3_GetMessageList">
    <failure type="java.lang.NullPointerException">
      <![CDATA[java.lang.NullPointerException
	at com.gateside.autotesting.Gat.executor.CaseExecutor.invokeMethod(CaseExecutor.java:65)
	at com.gateside.autotesting.Gat.executor.InterfaceSingleStepExecutor.AddDynamicParameters(InterfaceSingleStepExecutor.java:172)
	at com.gateside.autotesting.Gat.executor.InterfaceSingleStepExecutor.getResponse(InterfaceSingleStepExecutor.java:154)
	at com.gateside.autotesting.Gat.executor.InterfaceSingleStepExecutor.executeCase(InterfaceSingleStepExecutor.java:57)
	at com.gateside.autotesting.Gat.executor.CaseExecutor.execute(CaseExecutor.java:33)
	at com.gateside.autotesting.generation.unittest.BigEyesVideo3_GetMessageList.TestOsVersion71(BigEyesVideo3_GetMessageList.java:32)
... Removed 27 stack frames]]>
    </failure>
  </testcase> <!-- TestOsVersion71 -->
  <testcase name="TestRequiredParametersEmpty" time="0.109" classname="com.gateside.autotesting.generation.unittest.BigEyesVideo3_GetMessageList">
    <failure type="java.lang.NullPointerException">
      <![CDATA[java.lang.NullPointerException
	at com.gateside.autotesting.Gat.executor.CaseExecutor.invokeMethod(CaseExecutor.java:65)
	at com.gateside.autotesting.Gat.executor.InterfaceSingleStepExecutor.AddDynamicParameters(InterfaceSingleStepExecutor.java:172)
	at com.gateside.autotesting.Gat.executor.InterfaceSingleStepExecutor.getResponse(InterfaceSingleStepExecutor.java:154)
	at com.gateside.autotesting.Gat.executor.InterfaceSingleStepExecutor.executeCase(InterfaceSingleStepExecutor.java:57)
	at com.gateside.autotesting.Gat.executor.CaseExecutor.execute(CaseExecutor.java:33)
	at com.gateside.autotesting.generation.unittest.BigEyesVideo3_GetMessageList.TestRequiredParametersEmpty(BigEyesVideo3_GetMessageList.java:56)
... Removed 27 stack frames]]>
    </failure>
  </testcase> <!-- TestRequiredParametersEmpty -->
  <testcase name="TestRequiredParametersNull" time="0.094" classname="com.gateside.autotesting.generation.unittest.BigEyesVideo3_GetMessageList">
    <failure type="java.lang.NullPointerException">
      <![CDATA[java.lang.NullPointerException
	at com.gateside.autotesting.Gat.executor.CaseExecutor.invokeMethod(CaseExecutor.java:65)
	at com.gateside.autotesting.Gat.executor.InterfaceSingleStepExecutor.AddDynamicParameters(InterfaceSingleStepExecutor.java:172)
	at com.gateside.autotesting.Gat.executor.InterfaceSingleStepExecutor.getResponse(InterfaceSingleStepExecutor.java:154)
	at com.gateside.autotesting.Gat.executor.InterfaceSingleStepExecutor.executeCase(InterfaceSingleStepExecutor.java:57)
	at com.gateside.autotesting.Gat.executor.CaseExecutor.execute(CaseExecutor.java:33)
	at com.gateside.autotesting.generation.unittest.BigEyesVideo3_GetMessageList.TestRequiredParametersNull(BigEyesVideo3_GetMessageList.java:50)
... Removed 27 stack frames]]>
    </failure>
  </testcase> <!-- TestRequiredParametersNull -->
  <testcase name="TestWindows" time="0.14" classname="com.gateside.autotesting.generation.unittest.BigEyesVideo3_GetMessageList">
    <failure type="java.lang.NullPointerException">
      <![CDATA[java.lang.NullPointerException
	at com.gateside.autotesting.Gat.executor.CaseExecutor.invokeMethod(CaseExecutor.java:65)
	at com.gateside.autotesting.Gat.executor.InterfaceSingleStepExecutor.AddDynamicParameters(InterfaceSingleStepExecutor.java:172)
	at com.gateside.autotesting.Gat.executor.InterfaceSingleStepExecutor.getResponse(InterfaceSingleStepExecutor.java:154)
	at com.gateside.autotesting.Gat.executor.InterfaceSingleStepExecutor.executeCase(InterfaceSingleStepExecutor.java:57)
	at com.gateside.autotesting.Gat.executor.CaseExecutor.execute(CaseExecutor.java:33)
	at com.gateside.autotesting.generation.unittest.BigEyesVideo3_GetMessageList.TestWindows(BigEyesVideo3_GetMessageList.java:44)
... Removed 27 stack frames]]>
    </failure>
  </testcase> <!-- TestWindows -->
  <testcase name="TestAndroidParametersLegal" time="0.109" classname="com.gateside.autotesting.generation.unittest.BigEyesVideo3_GetSubscrib">
    <failure type="java.lang.NullPointerException">
      <![CDATA[java.lang.NullPointerException
	at com.gateside.autotesting.Gat.executor.CaseExecutor.invokeMethod(CaseExecutor.java:65)
	at com.gateside.autotesting.Gat.executor.InterfaceSingleStepExecutor.AddDynamicParameters(InterfaceSingleStepExecutor.java:172)
	at com.gateside.autotesting.Gat.executor.InterfaceSingleStepExecutor.getResponse(InterfaceSingleStepExecutor.java:154)
	at com.gateside.autotesting.Gat.executor.InterfaceSingleStepExecutor.executeCase(InterfaceSingleStepExecutor.java:57)
	at com.gateside.autotesting.Gat.executor.CaseExecutor.execute(CaseExecutor.java:33)
	at com.gateside.autotesting.generation.unittest.BigEyesVideo3_GetSubscrib.TestAndroidParametersLegal(BigEyesVideo3_GetSubscrib.java:26)
... Removed 27 stack frames]]>
    </failure>
  </testcase> <!-- TestAndroidParametersLegal -->
  <testcase name="TestOsVersion61" time="0.109" classname="com.gateside.autotesting.generation.unittest.BigEyesVideo3_GetSubscrib">
    <failure type="java.lang.NullPointerException">
      <![CDATA[java.lang.NullPointerException
	at com.gateside.autotesting.Gat.executor.CaseExecutor.invokeMethod(CaseExecutor.java:65)
	at com.gateside.autotesting.Gat.executor.InterfaceSingleStepExecutor.AddDynamicParameters(InterfaceSingleStepExecutor.java:172)
	at com.gateside.autotesting.Gat.executor.InterfaceSingleStepExecutor.getResponse(InterfaceSingleStepExecutor.java:154)
	at com.gateside.autotesting.Gat.executor.InterfaceSingleStepExecutor.executeCase(InterfaceSingleStepExecutor.java:57)
	at com.gateside.autotesting.Gat.executor.CaseExecutor.execute(CaseExecutor.java:33)
	at com.gateside.autotesting.generation.unittest.BigEyesVideo3_GetSubscrib.TestOsVersion61(BigEyesVideo3_GetSubscrib.java:38)
... Removed 27 stack frames]]>
    </failure>
  </testcase> <!-- TestOsVersion61 -->
  <testcase name="TestOsVersion71" time="0.096" classname="com.gateside.autotesting.generation.unittest.BigEyesVideo3_GetSubscrib">
    <failure type="java.lang.NullPointerException">
      <![CDATA[java.lang.NullPointerException
	at com.gateside.autotesting.Gat.executor.CaseExecutor.invokeMethod(CaseExecutor.java:65)
	at com.gateside.autotesting.Gat.executor.InterfaceSingleStepExecutor.AddDynamicParameters(InterfaceSingleStepExecutor.java:172)
	at com.gateside.autotesting.Gat.executor.InterfaceSingleStepExecutor.getResponse(InterfaceSingleStepExecutor.java:154)
	at com.gateside.autotesting.Gat.executor.InterfaceSingleStepExecutor.executeCase(InterfaceSingleStepExecutor.java:57)
	at com.gateside.autotesting.Gat.executor.CaseExecutor.execute(CaseExecutor.java:33)
	at com.gateside.autotesting.generation.unittest.BigEyesVideo3_GetSubscrib.TestOsVersion71(BigEyesVideo3_GetSubscrib.java:32)
... Removed 27 stack frames]]>
    </failure>
  </testcase> <!-- TestOsVersion71 -->
  <testcase name="TestRequiredParametersEmpty" time="0.142" classname="com.gateside.autotesting.generation.unittest.BigEyesVideo3_GetSubscrib">
    <failure type="java.lang.NullPointerException">
      <![CDATA[java.lang.NullPointerException
	at com.gateside.autotesting.Gat.executor.CaseExecutor.invokeMethod(CaseExecutor.java:65)
	at com.gateside.autotesting.Gat.executor.InterfaceSingleStepExecutor.AddDynamicParameters(InterfaceSingleStepExecutor.java:172)
	at com.gateside.autotesting.Gat.executor.InterfaceSingleStepExecutor.getResponse(InterfaceSingleStepExecutor.java:154)
	at com.gateside.autotesting.Gat.executor.InterfaceSingleStepExecutor.executeCase(InterfaceSingleStepExecutor.java:57)
	at com.gateside.autotesting.Gat.executor.CaseExecutor.execute(CaseExecutor.java:33)
	at com.gateside.autotesting.generation.unittest.BigEyesVideo3_GetSubscrib.TestRequiredParametersEmpty(BigEyesVideo3_GetSubscrib.java:56)
... Removed 27 stack frames]]>
    </failure>
  </testcase> <!-- TestRequiredParametersEmpty -->
  <testcase name="TestRequiredParametersNull" time="0.094" classname="com.gateside.autotesting.generation.unittest.BigEyesVideo3_GetSubscrib">
    <failure type="java.lang.NullPointerException">
      <![CDATA[java.lang.NullPointerException
	at com.gateside.autotesting.Gat.executor.CaseExecutor.invokeMethod(CaseExecutor.java:65)
	at com.gateside.autotesting.Gat.executor.InterfaceSingleStepExecutor.AddDynamicParameters(InterfaceSingleStepExecutor.java:172)
	at com.gateside.autotesting.Gat.executor.InterfaceSingleStepExecutor.getResponse(InterfaceSingleStepExecutor.java:154)
	at com.gateside.autotesting.Gat.executor.InterfaceSingleStepExecutor.executeCase(InterfaceSingleStepExecutor.java:57)
	at com.gateside.autotesting.Gat.executor.CaseExecutor.execute(CaseExecutor.java:33)
	at com.gateside.autotesting.generation.unittest.BigEyesVideo3_GetSubscrib.TestRequiredParametersNull(BigEyesVideo3_GetSubscrib.java:50)
... Removed 27 stack frames]]>
    </failure>
  </testcase> <!-- TestRequiredParametersNull -->
  <testcase name="TestWindows" time="0.109" classname="com.gateside.autotesting.generation.unittest.BigEyesVideo3_GetSubscrib">
    <failure type="java.lang.NullPointerException">
      <![CDATA[java.lang.NullPointerException
	at com.gateside.autotesting.Gat.executor.CaseExecutor.invokeMethod(CaseExecutor.java:65)
	at com.gateside.autotesting.Gat.executor.InterfaceSingleStepExecutor.AddDynamicParameters(InterfaceSingleStepExecutor.java:172)
	at com.gateside.autotesting.Gat.executor.InterfaceSingleStepExecutor.getResponse(InterfaceSingleStepExecutor.java:154)
	at com.gateside.autotesting.Gat.executor.InterfaceSingleStepExecutor.executeCase(InterfaceSingleStepExecutor.java:57)
	at com.gateside.autotesting.Gat.executor.CaseExecutor.execute(CaseExecutor.java:33)
	at com.gateside.autotesting.generation.unittest.BigEyesVideo3_GetSubscrib.TestWindows(BigEyesVideo3_GetSubscrib.java:44)
... Removed 27 stack frames]]>
    </failure>
  </testcase> <!-- TestWindows -->
  <testcase name="TestAndroidParametersLegal" time="0.094" classname="com.gateside.autotesting.generation.unittest.BigEyesVideo3_PostHistory">
    <failure type="java.lang.NullPointerException">
      <![CDATA[java.lang.NullPointerException
	at com.gateside.autotesting.Gat.executor.CaseExecutor.invokeMethod(CaseExecutor.java:65)
	at com.gateside.autotesting.Gat.executor.InterfaceSingleStepExecutor.exectuePreStep(InterfaceSingleStepExecutor.java:126)
	at com.gateside.autotesting.Gat.executor.InterfaceSingleStepExecutor.setUp(InterfaceSingleStepExecutor.java:50)
	at com.gateside.autotesting.Gat.executor.CaseExecutor.execute(CaseExecutor.java:32)
	at com.gateside.autotesting.generation.unittest.BigEyesVideo3_PostHistory.TestAndroidParametersLegal(BigEyesVideo3_PostHistory.java:26)
... Removed 27 stack frames]]>
    </failure>
  </testcase> <!-- TestAndroidParametersLegal -->
  <testcase name="TestOsVersion60" time="0.141" classname="com.gateside.autotesting.generation.unittest.BigEyesVideo3_PostHistory">
    <failure type="java.lang.NullPointerException">
      <![CDATA[java.lang.NullPointerException
	at com.gateside.autotesting.Gat.executor.CaseExecutor.invokeMethod(CaseExecutor.java:65)
	at com.gateside.autotesting.Gat.executor.InterfaceSingleStepExecutor.AddDynamicParameters(InterfaceSingleStepExecutor.java:172)
	at com.gateside.autotesting.Gat.executor.InterfaceSingleStepExecutor.getResponse(InterfaceSingleStepExecutor.java:154)
	at com.gateside.autotesting.Gat.executor.InterfaceSingleStepExecutor.executeCase(InterfaceSingleStepExecutor.java:57)
	at com.gateside.autotesting.Gat.executor.CaseExecutor.execute(CaseExecutor.java:33)
	at com.gateside.autotesting.generation.unittest.BigEyesVideo3_PostHistory.TestOsVersion60(BigEyesVideo3_PostHistory.java:38)
... Removed 27 stack frames]]>
    </failure>
  </testcase> <!-- TestOsVersion60 -->
  <testcase name="TestOsVersion61" time="0.093" classname="com.gateside.autotesting.generation.unittest.BigEyesVideo3_PostHistory">
    <failure type="java.lang.NullPointerException">
      <![CDATA[java.lang.NullPointerException
	at com.gateside.autotesting.Gat.executor.CaseExecutor.invokeMethod(CaseExecutor.java:65)
	at com.gateside.autotesting.Gat.executor.InterfaceSingleStepExecutor.exectuePreStep(InterfaceSingleStepExecutor.java:126)
	at com.gateside.autotesting.Gat.executor.InterfaceSingleStepExecutor.setUp(InterfaceSingleStepExecutor.java:50)
	at com.gateside.autotesting.Gat.executor.CaseExecutor.execute(CaseExecutor.java:32)
	at com.gateside.autotesting.generation.unittest.BigEyesVideo3_PostHistory.TestOsVersion61(BigEyesVideo3_PostHistory.java:44)
... Removed 27 stack frames]]>
    </failure>
  </testcase> <!-- TestOsVersion61 -->
  <testcase name="TestOsVersion71" time="0.11" classname="com.gateside.autotesting.generation.unittest.BigEyesVideo3_PostHistory">
    <failure type="java.lang.NullPointerException">
      <![CDATA[java.lang.NullPointerException
	at com.gateside.autotesting.Gat.executor.CaseExecutor.invokeMethod(CaseExecutor.java:65)
	at com.gateside.autotesting.Gat.executor.InterfaceSingleStepExecutor.exectuePreStep(InterfaceSingleStepExecutor.java:126)
	at com.gateside.autotesting.Gat.executor.InterfaceSingleStepExecutor.setUp(InterfaceSingleStepExecutor.java:50)
	at com.gateside.autotesting.Gat.executor.CaseExecutor.execute(CaseExecutor.java:32)
	at com.gateside.autotesting.generation.unittest.BigEyesVideo3_PostHistory.TestOsVersion71(BigEyesVideo3_PostHistory.java:32)
... Removed 27 stack frames]]>
    </failure>
  </testcase> <!-- TestOsVersion71 -->
  <testcase name="TestRequiredParametersEmpty" time="0.093" classname="com.gateside.autotesting.generation.unittest.BigEyesVideo3_PostHistory">
    <failure type="java.lang.NullPointerException">
      <![CDATA[java.lang.NullPointerException
	at com.gateside.autotesting.Gat.executor.CaseExecutor.invokeMethod(CaseExecutor.java:65)
	at com.gateside.autotesting.Gat.executor.InterfaceSingleStepExecutor.AddDynamicParameters(InterfaceSingleStepExecutor.java:172)
	at com.gateside.autotesting.Gat.executor.InterfaceSingleStepExecutor.getResponse(InterfaceSingleStepExecutor.java:154)
	at com.gateside.autotesting.Gat.executor.InterfaceSingleStepExecutor.executeCase(InterfaceSingleStepExecutor.java:57)
	at com.gateside.autotesting.Gat.executor.CaseExecutor.execute(CaseExecutor.java:33)
	at com.gateside.autotesting.generation.unittest.BigEyesVideo3_PostHistory.TestRequiredParametersEmpty(BigEyesVideo3_PostHistory.java:62)
... Removed 27 stack frames]]>
    </failure>
  </testcase> <!-- TestRequiredParametersEmpty -->
  <testcase name="TestRequiredParametersNull" time="0.109" classname="com.gateside.autotesting.generation.unittest.BigEyesVideo3_PostHistory">
    <failure type="java.lang.NullPointerException">
      <![CDATA[java.lang.NullPointerException
	at com.gateside.autotesting.Gat.executor.CaseExecutor.invokeMethod(CaseExecutor.java:65)
	at com.gateside.autotesting.Gat.executor.InterfaceSingleStepExecutor.AddDynamicParameters(InterfaceSingleStepExecutor.java:172)
	at com.gateside.autotesting.Gat.executor.InterfaceSingleStepExecutor.getResponse(InterfaceSingleStepExecutor.java:154)
	at com.gateside.autotesting.Gat.executor.InterfaceSingleStepExecutor.executeCase(InterfaceSingleStepExecutor.java:57)
	at com.gateside.autotesting.Gat.executor.CaseExecutor.execute(CaseExecutor.java:33)
	at com.gateside.autotesting.generation.unittest.BigEyesVideo3_PostHistory.TestRequiredParametersNull(BigEyesVideo3_PostHistory.java:56)
... Removed 27 stack frames]]>
    </failure>
  </testcase> <!-- TestRequiredParametersNull -->
  <testcase name="TestWindows" time="0.141" classname="com.gateside.autotesting.generation.unittest.BigEyesVideo3_PostHistory">
    <failure type="java.lang.NullPointerException">
      <![CDATA[java.lang.NullPointerException
	at com.gateside.autotesting.Gat.executor.CaseExecutor.invokeMethod(CaseExecutor.java:65)
	at com.gateside.autotesting.Gat.executor.InterfaceSingleStepExecutor.AddDynamicParameters(InterfaceSingleStepExecutor.java:172)
	at com.gateside.autotesting.Gat.executor.InterfaceSingleStepExecutor.getResponse(InterfaceSingleStepExecutor.java:154)
	at com.gateside.autotesting.Gat.executor.InterfaceSingleStepExecutor.executeCase(InterfaceSingleStepExecutor.java:57)
	at com.gateside.autotesting.Gat.executor.CaseExecutor.execute(CaseExecutor.java:33)
	at com.gateside.autotesting.generation.unittest.BigEyesVideo3_PostHistory.TestWindows(BigEyesVideo3_PostHistory.java:50)
... Removed 27 stack frames]]>
    </failure>
  </testcase> <!-- TestWindows -->
  <testcase name="TestAndroidParametersLegal" time="0.109" classname="com.gateside.autotesting.generation.unittest.BigEyesVideo3_SendComment">
    <failure type="java.lang.NullPointerException">
      <![CDATA[java.lang.NullPointerException
	at com.gateside.autotesting.Gat.executor.CaseExecutor.invokeMethod(CaseExecutor.java:65)
	at com.gateside.autotesting.Gat.executor.InterfaceSingleStepExecutor.AddDynamicParameters(InterfaceSingleStepExecutor.java:172)
	at com.gateside.autotesting.Gat.executor.InterfaceSingleStepExecutor.getResponse(InterfaceSingleStepExecutor.java:154)
	at com.gateside.autotesting.Gat.executor.InterfaceSingleStepExecutor.executeCase(InterfaceSingleStepExecutor.java:57)
	at com.gateside.autotesting.Gat.executor.CaseExecutor.execute(CaseExecutor.java:33)
	at com.gateside.autotesting.generation.unittest.BigEyesVideo3_SendComment.TestAndroidParametersLegal(BigEyesVideo3_SendComment.java:26)
... Removed 27 stack frames]]>
    </failure>
  </testcase> <!-- TestAndroidParametersLegal -->
  <testcase name="TestForbidenComments1" time="0.109" classname="com.gateside.autotesting.generation.unittest.BigEyesVideo3_SendComment">
    <failure type="java.lang.NullPointerException">
      <![CDATA[java.lang.NullPointerException
	at com.gateside.autotesting.Gat.executor.CaseExecutor.invokeMethod(CaseExecutor.java:65)
	at com.gateside.autotesting.Gat.executor.InterfaceSingleStepExecutor.AddDynamicParameters(InterfaceSingleStepExecutor.java:172)
	at com.gateside.autotesting.Gat.executor.InterfaceSingleStepExecutor.getResponse(InterfaceSingleStepExecutor.java:154)
	at com.gateside.autotesting.Gat.executor.InterfaceSingleStepExecutor.executeCase(InterfaceSingleStepExecutor.java:57)
	at com.gateside.autotesting.Gat.executor.CaseExecutor.execute(CaseExecutor.java:33)
	at com.gateside.autotesting.generation.unittest.BigEyesVideo3_SendComment.TestForbidenComments1(BigEyesVideo3_SendComment.java:38)
... Removed 27 stack frames]]>
    </failure>
  </testcase> <!-- TestForbidenComments1 -->
  <testcase name="TestForbidenComments2" time="0.14" classname="com.gateside.autotesting.generation.unittest.BigEyesVideo3_SendComment">
    <failure type="java.lang.NullPointerException">
      <![CDATA[java.lang.NullPointerException
	at com.gateside.autotesting.Gat.executor.CaseExecutor.invokeMethod(CaseExecutor.java:65)
	at com.gateside.autotesting.Gat.executor.InterfaceSingleStepExecutor.AddDynamicParameters(InterfaceSingleStepExecutor.java:172)
	at com.gateside.autotesting.Gat.executor.InterfaceSingleStepExecutor.getResponse(InterfaceSingleStepExecutor.java:154)
	at com.gateside.autotesting.Gat.executor.InterfaceSingleStepExecutor.executeCase(InterfaceSingleStepExecutor.java:57)
	at com.gateside.autotesting.Gat.executor.CaseExecutor.execute(CaseExecutor.java:33)
	at com.gateside.autotesting.generation.unittest.BigEyesVideo3_SendComment.TestForbidenComments2(BigEyesVideo3_SendComment.java:44)
... Removed 27 stack frames]]>
    </failure>
  </testcase> <!-- TestForbidenComments2 -->
  <testcase name="TestForbidenComments3" time="0.109" classname="com.gateside.autotesting.generation.unittest.BigEyesVideo3_SendComment">
    <failure type="java.lang.NullPointerException">
      <![CDATA[java.lang.NullPointerException
	at com.gateside.autotesting.Gat.executor.CaseExecutor.invokeMethod(CaseExecutor.java:65)
	at com.gateside.autotesting.Gat.executor.InterfaceSingleStepExecutor.AddDynamicParameters(InterfaceSingleStepExecutor.java:172)
	at com.gateside.autotesting.Gat.executor.InterfaceSingleStepExecutor.getResponse(InterfaceSingleStepExecutor.java:154)
	at com.gateside.autotesting.Gat.executor.InterfaceSingleStepExecutor.executeCase(InterfaceSingleStepExecutor.java:57)
	at com.gateside.autotesting.Gat.executor.CaseExecutor.execute(CaseExecutor.java:33)
	at com.gateside.autotesting.generation.unittest.BigEyesVideo3_SendComment.TestForbidenComments3(BigEyesVideo3_SendComment.java:50)
... Removed 27 stack frames]]>
    </failure>
  </testcase> <!-- TestForbidenComments3 -->
  <testcase name="TestForbidenComments4" time="0.156" classname="com.gateside.autotesting.generation.unittest.BigEyesVideo3_SendComment">
    <failure type="java.lang.NullPointerException">
      <![CDATA[java.lang.NullPointerException
	at com.gateside.autotesting.Gat.executor.CaseExecutor.invokeMethod(CaseExecutor.java:65)
	at com.gateside.autotesting.Gat.executor.InterfaceSingleStepExecutor.AddDynamicParameters(InterfaceSingleStepExecutor.java:172)
	at com.gateside.autotesting.Gat.executor.InterfaceSingleStepExecutor.getResponse(InterfaceSingleStepExecutor.java:154)
	at com.gateside.autotesting.Gat.executor.InterfaceSingleStepExecutor.executeCase(InterfaceSingleStepExecutor.java:57)
	at com.gateside.autotesting.Gat.executor.CaseExecutor.execute(CaseExecutor.java:33)
	at com.gateside.autotesting.generation.unittest.BigEyesVideo3_SendComment.TestForbidenComments4(BigEyesVideo3_SendComment.java:56)
... Removed 27 stack frames]]>
    </failure>
  </testcase> <!-- TestForbidenComments4 -->
  <testcase name="TestOsVersion101" time="0.11" classname="com.gateside.autotesting.generation.unittest.BigEyesVideo3_SendComment">
    <failure type="java.lang.NullPointerException">
      <![CDATA[java.lang.NullPointerException
	at com.gateside.autotesting.Gat.executor.CaseExecutor.invokeMethod(CaseExecutor.java:65)
	at com.gateside.autotesting.Gat.executor.InterfaceSingleStepExecutor.AddDynamicParameters(InterfaceSingleStepExecutor.java:172)
	at com.gateside.autotesting.Gat.executor.InterfaceSingleStepExecutor.getResponse(InterfaceSingleStepExecutor.java:154)
	at com.gateside.autotesting.Gat.executor.InterfaceSingleStepExecutor.executeCase(InterfaceSingleStepExecutor.java:57)
	at com.gateside.autotesting.Gat.executor.CaseExecutor.execute(CaseExecutor.java:33)
	at com.gateside.autotesting.generation.unittest.BigEyesVideo3_SendComment.TestOsVersion101(BigEyesVideo3_SendComment.java:74)
... Removed 27 stack frames]]>
    </failure>
  </testcase> <!-- TestOsVersion101 -->
  <testcase name="TestOsVersion60" time="0.109" classname="com.gateside.autotesting.generation.unittest.BigEyesVideo3_SendComment">
    <failure type="java.lang.NullPointerException">
      <![CDATA[java.lang.NullPointerException
	at com.gateside.autotesting.Gat.executor.CaseExecutor.invokeMethod(CaseExecutor.java:65)
	at com.gateside.autotesting.Gat.executor.InterfaceSingleStepExecutor.AddDynamicParameters(InterfaceSingleStepExecutor.java:172)
	at com.gateside.autotesting.Gat.executor.InterfaceSingleStepExecutor.getResponse(InterfaceSingleStepExecutor.java:154)
	at com.gateside.autotesting.Gat.executor.InterfaceSingleStepExecutor.executeCase(InterfaceSingleStepExecutor.java:57)
	at com.gateside.autotesting.Gat.executor.CaseExecutor.execute(CaseExecutor.java:33)
	at com.gateside.autotesting.generation.unittest.BigEyesVideo3_SendComment.TestOsVersion60(BigEyesVideo3_SendComment.java:62)
... Removed 27 stack frames]]>
    </failure>
  </testcase> <!-- TestOsVersion60 -->
  <testcase name="TestOsVersion61" time="0.11" classname="com.gateside.autotesting.generation.unittest.BigEyesVideo3_SendComment">
    <failure type="java.lang.NullPointerException">
      <![CDATA[java.lang.NullPointerException
	at com.gateside.autotesting.Gat.executor.CaseExecutor.invokeMethod(CaseExecutor.java:65)
	at com.gateside.autotesting.Gat.executor.InterfaceSingleStepExecutor.AddDynamicParameters(InterfaceSingleStepExecutor.java:172)
	at com.gateside.autotesting.Gat.executor.InterfaceSingleStepExecutor.getResponse(InterfaceSingleStepExecutor.java:154)
	at com.gateside.autotesting.Gat.executor.InterfaceSingleStepExecutor.executeCase(InterfaceSingleStepExecutor.java:57)
	at com.gateside.autotesting.Gat.executor.CaseExecutor.execute(CaseExecutor.java:33)
	at com.gateside.autotesting.generation.unittest.BigEyesVideo3_SendComment.TestOsVersion61(BigEyesVideo3_SendComment.java:68)
... Removed 27 stack frames]]>
    </failure>
  </testcase> <!-- TestOsVersion61 -->
  <testcase name="TestOsVersion71" time="0.14" classname="com.gateside.autotesting.generation.unittest.BigEyesVideo3_SendComment">
    <failure type="java.lang.NullPointerException">
      <![CDATA[java.lang.NullPointerException
	at com.gateside.autotesting.Gat.executor.CaseExecutor.invokeMethod(CaseExecutor.java:65)
	at com.gateside.autotesting.Gat.executor.InterfaceSingleStepExecutor.AddDynamicParameters(InterfaceSingleStepExecutor.java:172)
	at com.gateside.autotesting.Gat.executor.InterfaceSingleStepExecutor.getResponse(InterfaceSingleStepExecutor.java:154)
	at com.gateside.autotesting.Gat.executor.InterfaceSingleStepExecutor.executeCase(InterfaceSingleStepExecutor.java:57)
	at com.gateside.autotesting.Gat.executor.CaseExecutor.execute(CaseExecutor.java:33)
	at com.gateside.autotesting.generation.unittest.BigEyesVideo3_SendComment.TestOsVersion71(BigEyesVideo3_SendComment.java:32)
... Removed 27 stack frames]]>
    </failure>
  </testcase> <!-- TestOsVersion71 -->
  <testcase name="TestRequiredParametersEmpty" time="0.109" classname="com.gateside.autotesting.generation.unittest.BigEyesVideo3_SendComment">
    <failure type="java.lang.NullPointerException">
      <![CDATA[java.lang.NullPointerException
	at com.gateside.autotesting.Gat.executor.CaseExecutor.invokeMethod(CaseExecutor.java:65)
	at com.gateside.autotesting.Gat.executor.InterfaceSingleStepExecutor.AddDynamicParameters(InterfaceSingleStepExecutor.java:172)
	at com.gateside.autotesting.Gat.executor.InterfaceSingleStepExecutor.getResponse(InterfaceSingleStepExecutor.java:154)
	at com.gateside.autotesting.Gat.executor.InterfaceSingleStepExecutor.executeCase(InterfaceSingleStepExecutor.java:57)
	at com.gateside.autotesting.Gat.executor.CaseExecutor.execute(CaseExecutor.java:33)
	at com.gateside.autotesting.generation.unittest.BigEyesVideo3_SendComment.TestRequiredParametersEmpty(BigEyesVideo3_SendComment.java:92)
... Removed 27 stack frames]]>
    </failure>
  </testcase> <!-- TestRequiredParametersEmpty -->
  <testcase name="TestRequiredParametersNull" time="0.094" classname="com.gateside.autotesting.generation.unittest.BigEyesVideo3_SendComment">
    <failure type="java.lang.NullPointerException">
      <![CDATA[java.lang.NullPointerException
	at com.gateside.autotesting.Gat.executor.CaseExecutor.invokeMethod(CaseExecutor.java:65)
	at com.gateside.autotesting.Gat.executor.InterfaceSingleStepExecutor.AddDynamicParameters(InterfaceSingleStepExecutor.java:172)
	at com.gateside.autotesting.Gat.executor.InterfaceSingleStepExecutor.getResponse(InterfaceSingleStepExecutor.java:154)
	at com.gateside.autotesting.Gat.executor.InterfaceSingleStepExecutor.executeCase(InterfaceSingleStepExecutor.java:57)
	at com.gateside.autotesting.Gat.executor.CaseExecutor.execute(CaseExecutor.java:33)
	at com.gateside.autotesting.generation.unittest.BigEyesVideo3_SendComment.TestRequiredParametersNull(BigEyesVideo3_SendComment.java:86)
... Removed 27 stack frames]]>
    </failure>
  </testcase> <!-- TestRequiredParametersNull -->
  <testcase name="TestWindows" time="0.14" classname="com.gateside.autotesting.generation.unittest.BigEyesVideo3_SendComment">
    <failure type="java.lang.NullPointerException">
      <![CDATA[java.lang.NullPointerException
	at com.gateside.autotesting.Gat.executor.CaseExecutor.invokeMethod(CaseExecutor.java:65)
	at com.gateside.autotesting.Gat.executor.InterfaceSingleStepExecutor.AddDynamicParameters(InterfaceSingleStepExecutor.java:172)
	at com.gateside.autotesting.Gat.executor.InterfaceSingleStepExecutor.getResponse(InterfaceSingleStepExecutor.java:154)
	at com.gateside.autotesting.Gat.executor.InterfaceSingleStepExecutor.executeCase(InterfaceSingleStepExecutor.java:57)
	at com.gateside.autotesting.Gat.executor.CaseExecutor.execute(CaseExecutor.java:33)
	at com.gateside.autotesting.generation.unittest.BigEyesVideo3_SendComment.TestWindows(BigEyesVideo3_SendComment.java:80)
... Removed 27 stack frames]]>
    </failure>
  </testcase> <!-- TestWindows -->
  <testcase name="TestAndroidParametersLegal" time="0.577" classname="com.gateside.autotesting.generation.unittest.BigEyesVideo_announcerList">
    <failure type="java.lang.NullPointerException">
      <![CDATA[java.lang.NullPointerException
	at com.gateside.autotesting.Gat.executor.CaseExecutor.invokeMethod(CaseExecutor.java:65)
	at com.gateside.autotesting.Gat.executor.InterfaceSingleStepExecutor.assertResult(InterfaceSingleStepExecutor.java:196)
	at com.gateside.autotesting.Gat.executor.InterfaceSingleStepExecutor.executeCase(InterfaceSingleStepExecutor.java:59)
	at com.gateside.autotesting.Gat.executor.CaseExecutor.execute(CaseExecutor.java:33)
	at com.gateside.autotesting.generation.unittest.BigEyesVideo_announcerList.TestAndroidParametersLegal(BigEyesVideo_announcerList.java:26)
... Removed 27 stack frames]]>
    </failure>
  </testcase> <!-- TestAndroidParametersLegal -->
  <testcase name="TestAppVersion09" time="0.578" classname="com.gateside.autotesting.generation.unittest.BigEyesVideo_announcerList">
    <failure type="java.lang.AssertionError" message="Are equal exception : array lengths differed, expected.length=12 actual.length=8553">
      <![CDATA[java.lang.AssertionError: Are equal exception : array lengths differed, expected.length=12 actual.length=8553
	at org.junit.Assert.fail(Assert.java:88)
	at org.junit.internal.ComparisonCriteria.assertArraysAreSameLength(ComparisonCriteria.java:76)
	at org.junit.internal.ComparisonCriteria.arrayEquals(ComparisonCriteria.java:37)
	at org.junit.Assert.internalArrayEquals(Assert.java:532)
	at org.junit.Assert.assertArrayEquals(Assert.java:366)
	at com.gateside.autotesting.Gat.executor.InterfaceSingleStepExecutor.assertResult(InterfaceSingleStepExecutor.java:185)
	at com.gateside.autotesting.Gat.executor.InterfaceSingleStepExecutor.executeCase(InterfaceSingleStepExecutor.java:59)
	at com.gateside.autotesting.Gat.executor.CaseExecutor.execute(CaseExecutor.java:33)
	at com.gateside.autotesting.generation.unittest.BigEyesVideo_announcerList.TestAppVersion09(BigEyesVideo_announcerList.java:56)
... Removed 27 stack frames]]>
    </failure>
  </testcase> <!-- TestAppVersion09 -->
  <testcase name="TestOsVersion50" time="0.499" classname="com.gateside.autotesting.generation.unittest.BigEyesVideo_announcerList">
    <failure type="java.lang.NullPointerException">
      <![CDATA[java.lang.NullPointerException
	at com.gateside.autotesting.Gat.executor.CaseExecutor.invokeMethod(CaseExecutor.java:65)
	at com.gateside.autotesting.Gat.executor.InterfaceSingleStepExecutor.assertResult(InterfaceSingleStepExecutor.java:196)
	at com.gateside.autotesting.Gat.executor.InterfaceSingleStepExecutor.executeCase(InterfaceSingleStepExecutor.java:59)
	at com.gateside.autotesting.Gat.executor.CaseExecutor.execute(CaseExecutor.java:33)
	at com.gateside.autotesting.generation.unittest.BigEyesVideo_announcerList.TestOsVersion50(BigEyesVideo_announcerList.java:50)
... Removed 27 stack frames]]>
    </failure>
  </testcase> <!-- TestOsVersion50 -->
  <testcase name="TestOsVersion60" time="0.561" classname="com.gateside.autotesting.generation.unittest.BigEyesVideo_announcerList">
    <failure type="java.lang.NullPointerException">
      <![CDATA[java.lang.NullPointerException
	at com.gateside.autotesting.Gat.executor.CaseExecutor.invokeMethod(CaseExecutor.java:65)
	at com.gateside.autotesting.Gat.executor.InterfaceSingleStepExecutor.assertResult(InterfaceSingleStepExecutor.java:196)
	at com.gateside.autotesting.Gat.executor.InterfaceSingleStepExecutor.executeCase(InterfaceSingleStepExecutor.java:59)
	at com.gateside.autotesting.Gat.executor.CaseExecutor.execute(CaseExecutor.java:33)
	at com.gateside.autotesting.generation.unittest.BigEyesVideo_announcerList.TestOsVersion60(BigEyesVideo_announcerList.java:38)
... Removed 27 stack frames]]>
    </failure>
  </testcase> <!-- TestOsVersion60 -->
  <testcase name="TestOsVersion61" time="0.58" classname="com.gateside.autotesting.generation.unittest.BigEyesVideo_announcerList">
    <failure type="java.lang.NullPointerException">
      <![CDATA[java.lang.NullPointerException
	at com.gateside.autotesting.Gat.executor.CaseExecutor.invokeMethod(CaseExecutor.java:65)
	at com.gateside.autotesting.Gat.executor.InterfaceSingleStepExecutor.assertResult(InterfaceSingleStepExecutor.java:196)
	at com.gateside.autotesting.Gat.executor.InterfaceSingleStepExecutor.executeCase(InterfaceSingleStepExecutor.java:59)
	at com.gateside.autotesting.Gat.executor.CaseExecutor.execute(CaseExecutor.java:33)
	at com.gateside.autotesting.generation.unittest.BigEyesVideo_announcerList.TestOsVersion61(BigEyesVideo_announcerList.java:44)
... Removed 27 stack frames]]>
    </failure>
  </testcase> <!-- TestOsVersion61 -->
  <testcase name="TestOsVersion71" time="0.561" classname="com.gateside.autotesting.generation.unittest.BigEyesVideo_announcerList">
    <failure type="java.lang.NullPointerException">
      <![CDATA[java.lang.NullPointerException
	at com.gateside.autotesting.Gat.executor.CaseExecutor.invokeMethod(CaseExecutor.java:65)
	at com.gateside.autotesting.Gat.executor.InterfaceSingleStepExecutor.assertResult(InterfaceSingleStepExecutor.java:196)
	at com.gateside.autotesting.Gat.executor.InterfaceSingleStepExecutor.executeCase(InterfaceSingleStepExecutor.java:59)
	at com.gateside.autotesting.Gat.executor.CaseExecutor.execute(CaseExecutor.java:33)
	at com.gateside.autotesting.generation.unittest.BigEyesVideo_announcerList.TestOsVersion71(BigEyesVideo_announcerList.java:32)
... Removed 27 stack frames]]>
    </failure>
  </testcase> <!-- TestOsVersion71 -->
  <testcase name="TestRequiredParametersEmpty" time="0.297" classname="com.gateside.autotesting.generation.unittest.BigEyesVideo_announcerList"/>
  <testcase name="TestRequiredParametersNull" time="0.234" classname="com.gateside.autotesting.generation.unittest.BigEyesVideo_announcerList"/>
  <testcase name="TestWindows" time="0.265" classname="com.gateside.autotesting.generation.unittest.BigEyesVideo_announcerList"/>
  <testcase name="TestAndroidParametersLegal" time="0.312" classname="com.gateside.autotesting.generation.unittest.BigEyesVideo_channelList">
    <failure type="java.lang.NullPointerException">
      <![CDATA[java.lang.NullPointerException
	at com.gateside.autotesting.Gat.executor.CaseExecutor.invokeMethod(CaseExecutor.java:65)
	at com.gateside.autotesting.Gat.executor.InterfaceSingleStepExecutor.assertResult(InterfaceSingleStepExecutor.java:196)
	at com.gateside.autotesting.Gat.executor.InterfaceSingleStepExecutor.executeCase(InterfaceSingleStepExecutor.java:59)
	at com.gateside.autotesting.Gat.executor.CaseExecutor.execute(CaseExecutor.java:33)
	at com.gateside.autotesting.generation.unittest.BigEyesVideo_channelList.TestAndroidParametersLegal(BigEyesVideo_channelList.java:26)
... Removed 27 stack frames]]>
    </failure>
  </testcase> <!-- TestAndroidParametersLegal -->
  <testcase name="TestAppVersion09" time="0.292" classname="com.gateside.autotesting.generation.unittest.BigEyesVideo_channelList">
    <failure type="java.lang.AssertionError" message="Are equal exception : array lengths differed, expected.length=12 actual.length=50">
      <![CDATA[java.lang.AssertionError: Are equal exception : array lengths differed, expected.length=12 actual.length=50
	at org.junit.Assert.fail(Assert.java:88)
	at org.junit.internal.ComparisonCriteria.assertArraysAreSameLength(ComparisonCriteria.java:76)
	at org.junit.internal.ComparisonCriteria.arrayEquals(ComparisonCriteria.java:37)
	at org.junit.Assert.internalArrayEquals(Assert.java:532)
	at org.junit.Assert.assertArrayEquals(Assert.java:366)
	at com.gateside.autotesting.Gat.executor.InterfaceSingleStepExecutor.assertResult(InterfaceSingleStepExecutor.java:185)
[...]
  <testcase name="TestOptinalParametersOffsetTeamRankEmpty" time="0.387" classname="com.gateside.autotesting.generation.unittest.BigEyesVideo_teamRank">
    <failure type="java.lang.NullPointerException">
      <![CDATA[java.lang.NullPointerException
	at com.gateside.autotesting.Gat.executor.CaseExecutor.invokeMethod(CaseExecutor.java:65)
	at com.gateside.autotesting.Gat.executor.InterfaceSingleStepExecutor.assertResult(InterfaceSingleStepExecutor.java:196)
	at com.gateside.autotesting.Gat.executor.InterfaceSingleStepExecutor.executeCase(InterfaceSingleStepExecutor.java:59)
	at com.gateside.autotesting.Gat.executor.CaseExecutor.execute(CaseExecutor.java:33)
	at com.gateside.autotesting.generation.unittest.BigEyesVideo_teamRank.TestOptinalParametersOffsetTeamRankEmpty(BigEyesVideo_teamRank.java:44)
... Removed 27 stack frames]]>
    </failure>
  </testcase> <!-- TestOptinalParametersOffsetTeamRankEmpty -->
  <testcase name="TestParametersEmpty" time="0.285" classname="com.gateside.autotesting.generation.unittest.BigEyesVideo_teamRank"/>
  <testcase name="TestWindows" time="0.233" classname="com.gateside.autotesting.generation.unittest.BigEyesVideo_teamRank"/>
  <testcase name="TestAndroidParametersLegal70" time="0.346" classname="com.gateside.autotesting.generation.unittest.BigEyesVideo_video">
    <failure type="java.lang.NullPointerException">
      <![CDATA[java.lang.NullPointerException
	at com.gateside.autotesting.Gat.executor.CaseExecutor.invokeMethod(CaseExecutor.java:65)
	at com.gateside.autotesting.Gat.executor.InterfaceSingleStepExecutor.assertResult(InterfaceSingleStepExecutor.java:196)
	at com.gateside.autotesting.Gat.executor.InterfaceSingleStepExecutor.executeCase(InterfaceSingleStepExecutor.java:59)
	at com.gateside.autotesting.Gat.executor.CaseExecutor.execute(CaseExecutor.java:33)
	at com.gateside.autotesting.generation.unittest.BigEyesVideo_video.TestAndroidParametersLegal70(BigEyesVideo_video.java:26)
... Removed 27 stack frames]]>
    </failure>
  </testcase> <!-- TestAndroidParametersLegal70 -->
  <testcase name="TestParametersEmpty" time="0.286" classname="com.gateside.autotesting.generation.unittest.BigEyesVideo_video"/>
  <testcase name="TestRequiredParametersLegal61" time="0.296" classname="com.gateside.autotesting.generation.unittest.BigEyesVideo_video">
    <failure type="java.lang.NullPointerException">
      <![CDATA[java.lang.NullPointerException
	at com.gateside.autotesting.Gat.executor.CaseExecutor.invokeMethod(CaseExecutor.java:65)
	at com.gateside.autotesting.Gat.executor.InterfaceSingleStepExecutor.assertResult(InterfaceSingleStepExecutor.java:196)
	at com.gateside.autotesting.Gat.executor.InterfaceSingleStepExecutor.executeCase(InterfaceSingleStepExecutor.java:59)
	at com.gateside.autotesting.Gat.executor.CaseExecutor.execute(CaseExecutor.java:33)
	at com.gateside.autotesting.generation.unittest.BigEyesVideo_video.TestRequiredParametersLegal61(BigEyesVideo_video.java:38)
... Removed 27 stack frames]]>
    </failure>
  </testcase> <!-- TestRequiredParametersLegal61 -->
  <testcase name="TestRequiredParametersLegal71" time="0.265" classname="com.gateside.autotesting.generation.unittest.BigEyesVideo_video">
    <failure type="java.lang.NullPointerException">
      <![CDATA[java.lang.NullPointerException
	at com.gateside.autotesting.Gat.executor.CaseExecutor.invokeMethod(CaseExecutor.java:65)
	at com.gateside.autotesting.Gat.executor.InterfaceSingleStepExecutor.assertResult(InterfaceSingleStepExecutor.java:196)
	at com.gateside.autotesting.Gat.executor.InterfaceSingleStepExecutor.executeCase(InterfaceSingleStepExecutor.java:59)
	at com.gateside.autotesting.Gat.executor.CaseExecutor.execute(CaseExecutor.java:33)
	at com.gateside.autotesting.generation.unittest.BigEyesVideo_video.TestRequiredParametersLegal71(BigEyesVideo_video.java:32)
... Removed 27 stack frames]]>
    </failure>
  </testcase> <!-- TestRequiredParametersLegal71 -->
  <testcase name="TestRequiredParametersNull" time="0.28" classname="com.gateside.autotesting.generation.unittest.BigEyesVideo_video"/>
  <testcase name="TestRequiredParametersTypeEmpty" time="0.252" classname="com.gateside.autotesting.generation.unittest.BigEyesVideo_video"/>
  <testcase name="TestRequiredParametersVideoIdEmpty" time="0.299" classname="com.gateside.autotesting.generation.unittest.BigEyesVideo_video"/>
  <testcase name="TestWindows" time="0.264" classname="com.gateside.autotesting.generation.unittest.BigEyesVideo_video"/>
  <testcase name="TestAndroidParametersLegal" time="0.352" classname="com.gateside.autotesting.generation.unittest.BigEyesVideo_videoList">
    <failure type="java.lang.NullPointerException">
      <![CDATA[java.lang.NullPointerException
	at com.gateside.autotesting.Gat.executor.CaseExecutor.invokeMethod(CaseExecutor.java:65)
	at com.gateside.autotesting.Gat.executor.InterfaceSingleStepExecutor.assertResult(InterfaceSingleStepExecutor.java:196)
	at com.gateside.autotesting.Gat.executor.InterfaceSingleStepExecutor.executeCase(InterfaceSingleStepExecutor.java:59)
	at com.gateside.autotesting.Gat.executor.CaseExecutor.execute(CaseExecutor.java:33)
	at com.gateside.autotesting.generation.unittest.BigEyesVideo_videoList.TestAndroidParametersLegal(BigEyesVideo_videoList.java:26)
... Removed 27 stack frames]]>
    </failure>
  </testcase> <!-- TestAndroidParametersLegal -->
  <testcase name="TestAppVersion09" time="0.279" classname="com.gateside.autotesting.generation.unittest.BigEyesVideo_videoList">
    <failure type="java.lang.NullPointerException">
      <![CDATA[java.lang.NullPointerException
	at com.gateside.autotesting.Gat.executor.CaseExecutor.invokeMethod(CaseExecutor.java:65)
	at com.gateside.autotesting.Gat.executor.InterfaceSingleStepExecutor.assertResult(InterfaceSingleStepExecutor.java:196)
	at com.gateside.autotesting.Gat.executor.InterfaceSingleStepExecutor.executeCase(InterfaceSingleStepExecutor.java:59)
	at com.gateside.autotesting.Gat.executor.CaseExecutor.execute(CaseExecutor.java:33)
	at com.gateside.autotesting.generation.unittest.BigEyesVideo_videoList.TestAppVersion09(BigEyesVideo_videoList.java:74)
... Removed 27 stack frames]]>
    </failure>
  </testcase> <!-- TestAppVersion09 -->
  <testcase name="TestIosOsVersion50" time="0.285" classname="com.gateside.autotesting.generation.unittest.BigEyesVideo_videoList">
    <failure type="java.lang.NullPointerException">
      <![CDATA[java.lang.NullPointerException
	at com.gateside.autotesting.Gat.executor.CaseExecutor.invokeMethod(CaseExecutor.java:65)
	at com.gateside.autotesting.Gat.executor.InterfaceSingleStepExecutor.assertResult(InterfaceSingleStepExecutor.java:196)
	at com.gateside.autotesting.Gat.executor.InterfaceSingleStepExecutor.executeCase(InterfaceSingleStepExecutor.java:59)
	at com.gateside.autotesting.Gat.executor.CaseExecutor.execute(CaseExecutor.java:33)
	at com.gateside.autotesting.generation.unittest.BigEyesVideo_videoList.TestIosOsVersion50(BigEyesVideo_videoList.java:80)
... Removed 27 stack frames]]>
    </failure>
  </testcase> <!-- TestIosOsVersion50 -->
  <testcase name="TestOptionalParametersLegalFirstId" time="0.286" classname="com.gateside.autotesting.generation.unittest.BigEyesVideo_videoList">
    <failure type="java.lang.NullPointerException">
      <![CDATA[java.lang.NullPointerException
	at com.gateside.autotesting.Gat.executor.CaseExecutor.invokeMethod(CaseExecutor.java:65)
	at com.gateside.autotesting.Gat.executor.InterfaceSingleStepExecutor.assertResult(InterfaceSingleStepExecutor.java:196)
	at com.gateside.autotesting.Gat.executor.InterfaceSingleStepExecutor.executeCase(InterfaceSingleStepExecutor.java:59)
	at com.gateside.autotesting.Gat.executor.CaseExecutor.execute(CaseExecutor.java:33)
	at com.gateside.autotesting.generation.unittest.BigEyesVideo_videoList.TestOptionalParametersLegalFirstId(BigEyesVideo_videoList.java:32)
... Removed 27 stack frames]]>
    </failure>
  </testcase> <!-- TestOptionalParametersLegalFirstId -->
  <testcase name="TestOptionalParametersOffsetLastId" time="0.246" classname="com.gateside.autotesting.generation.unittest.BigEyesVideo_videoList">
    <failure type="java.lang.AssertionError" message="Are equal exception : array lengths differed, expected.length=23 actual.length=43">
      <![CDATA[java.lang.AssertionError: Are equal exception : array lengths differed, expected.length=23 actual.length=43
	at org.junit.Assert.fail(Assert.java:88)
	at org.junit.internal.ComparisonCriteria.assertArraysAreSameLength(ComparisonCriteria.java:76)
	at org.junit.internal.ComparisonCriteria.arrayEquals(ComparisonCriteria.java:37)
	at org.junit.Assert.internalArrayEquals(Assert.java:532)
	at org.junit.Assert.assertArrayEquals(Assert.java:366)
	at com.gateside.autotesting.Gat.executor.InterfaceSingleStepExecutor.assertResult(InterfaceSingleStepExecutor.java:185)
	at com.gateside.autotesting.Gat.executor.InterfaceSingleStepExecutor.executeCase(InterfaceSingleStepExecutor.java:59)
	at com.gateside.autotesting.Gat.executor.CaseExecutor.execute(CaseExecutor.java:33)
	at com.gateside.autotesting.generation.unittest.BigEyesVideo_videoList.TestOptionalParametersOffsetLastId(BigEyesVideo_videoList.java:62)
... Removed 27 stack frames]]>
    </failure>
  </testcase> <!-- TestOptionalParametersOffsetLastId -->
  <testcase name="TestOptionalParametersOffsetMidId" time="0.265" classname="com.gateside.autotesting.generation.unittest.BigEyesVideo_videoList">
    <failure type="java.lang.NullPointerException">
      <![CDATA[java.lang.NullPointerException
	at com.gateside.autotesting.Gat.executor.CaseExecutor.invokeMethod(CaseExecutor.java:65)
	at com.gateside.autotesting.Gat.executor.InterfaceSingleStepExecutor.assertResult(InterfaceSingleStepExecutor.java:196)
	at com.gateside.autotesting.Gat.executor.InterfaceSingleStepExecutor.executeCase(InterfaceSingleStepExecutor.java:59)
	at com.gateside.autotesting.Gat.executor.CaseExecutor.execute(CaseExecutor.java:33)
	at com.gateside.autotesting.generation.unittest.BigEyesVideo_videoList.TestOptionalParametersOffsetMidId(BigEyesVideo_videoList.java:38)
... Removed 27 stack frames]]>
    </failure>
  </testcase> <!-- TestOptionalParametersOffsetMidId -->
  <testcase name="TestOptionalParametersOffsetType" time="0.715" classname="com.gateside.autotesting.generation.unittest.BigEyesVideo_videoList">
    <failure type="java.lang.AssertionError" message="Are equal exception : array lengths differed, expected.length=23 actual.length=55">
      <![CDATA[java.lang.AssertionError: Are equal exception : array lengths differed, expected.length=23 actual.length=55
	at org.junit.Assert.fail(Assert.java:88)
	at org.junit.internal.ComparisonCriteria.assertArraysAreSameLength(ComparisonCriteria.java:76)
	at org.junit.internal.ComparisonCriteria.arrayEquals(ComparisonCriteria.java:37)
	at org.junit.Assert.internalArrayEquals(Assert.java:532)
	at org.junit.Assert.assertArrayEquals(Assert.java:366)
	at com.gateside.autotesting.Gat.executor.InterfaceSingleStepExecutor.assertResult(InterfaceSingleStepExecutor.java:185)
	at com.gateside.autotesting.Gat.executor.InterfaceSingleStepExecutor.executeCase(InterfaceSingleStepExecutor.java:59)
	at com.gateside.autotesting.Gat.executor.CaseExecutor.execute(CaseExecutor.java:33)
	at com.gateside.autotesting.generation.unittest.BigEyesVideo_videoList.TestOptionalParametersOffsetType(BigEyesVideo_videoList.java:86)
... Removed 27 stack frames]]>
    </failure>
  </testcase> <!-- TestOptionalParametersOffsetType -->
  <testcase name="TestOptionalParametersOnlyTypeWithNoId" time="1.117" classname="com.gateside.autotesting.generation.unittest.BigEyesVideo_videoList">
    <failure type="java.lang.NullPointerException">
      <![CDATA[java.lang.NullPointerException
	at com.gateside.autotesting.Gat.executor.CaseExecutor.invokeMethod(CaseExecutor.java:65)
	at com.gateside.autotesting.Gat.executor.InterfaceSingleStepExecutor.assertResult(InterfaceSingleStepExecutor.java:196)
	at com.gateside.autotesting.Gat.executor.InterfaceSingleStepExecutor.executeCase(InterfaceSingleStepExecutor.java:59)
	at com.gateside.autotesting.Gat.executor.CaseExecutor.execute(CaseExecutor.java:33)
	at com.gateside.autotesting.generation.unittest.BigEyesVideo_videoList.TestOptionalParametersOnlyTypeWithNoId(BigEyesVideo_videoList.java:50)
... Removed 27 stack frames]]>
    </failure>
  </testcase> <!-- TestOptionalParametersOnlyTypeWithNoId -->
  <testcase name="TestOptionalParametersVideoIdAndOffsetFirstId" time="0.308" classname="com.gateside.autotesting.generation.unittest.BigEyesVideo_videoList">
    <failure type="java.lang.AssertionError" message="Are equal exception : array lengths differed, expected.length=12 actual.length=43">
      <![CDATA[java.lang.AssertionError: Are equal exception : array lengths differed, expected.length=12 actual.length=43
	at org.junit.Assert.fail(Assert.java:88)
	at org.junit.internal.ComparisonCriteria.assertArraysAreSameLength(ComparisonCriteria.java:76)
	at org.junit.internal.ComparisonCriteria.arrayEquals(ComparisonCriteria.java:37)
	at org.junit.Assert.internalArrayEquals(Assert.java:532)
	at org.junit.Assert.assertArrayEquals(Assert.java:366)
	at com.gateside.autotesting.Gat.executor.InterfaceSingleStepExecutor.assertResult(InterfaceSingleStepExecutor.java:185)
	at com.gateside.autotesting.Gat.executor.InterfaceSingleStepExecutor.executeCase(InterfaceSingleStepExecutor.java:59)
	at com.gateside.autotesting.Gat.executor.CaseExecutor.execute(CaseExecutor.java:33)
	at com.gateside.autotesting.generation.unittest.BigEyesVideo_videoList.TestOptionalParametersVideoIdAndOffsetFirstId(BigEyesVideo_videoList.java:68)
... Removed 27 stack frames]]>
    </failure>
  </testcase> <!-- TestOptionalParametersVideoIdAndOffsetFirstId -->
  <testcase name="TestOptionalParametersVideoIdAndTypeSpecial" time="0.265" classname="com.gateside.autotesting.generation.unittest.BigEyesVideo_videoList">
    <failure type="java.lang.NullPointerException">
      <![CDATA[java.lang.NullPointerException
	at com.gateside.autotesting.Gat.executor.CaseExecutor.invokeMethod(CaseExecutor.java:65)
	at com.gateside.autotesting.Gat.executor.InterfaceSingleStepExecutor.assertResult(InterfaceSingleStepExecutor.java:196)
	at com.gateside.autotesting.Gat.executor.InterfaceSingleStepExecutor.executeCase(InterfaceSingleStepExecutor.java:59)
	at com.gateside.autotesting.Gat.executor.CaseExecutor.execute(CaseExecutor.java:33)
	at com.gateside.autotesting.generation.unittest.BigEyesVideo_videoList.TestOptionalParametersVideoIdAndTypeSpecial(BigEyesVideo_videoList.java:44)
... Removed 27 stack frames]]>
    </failure>
  </testcase> <!-- TestOptionalParametersVideoIdAndTypeSpecial -->
  <testcase name="TestParametersEmpty" time="0.352" classname="com.gateside.autotesting.generation.unittest.BigEyesVideo_videoList"/>
  <testcase name="TestRequiredParametersNull" time="0.338" classname="com.gateside.autotesting.generation.unittest.BigEyesVideo_videoList"/>
  <testcase name="TestWindows" time="0.235" classname="com.gateside.autotesting.generation.unittest.BigEyesVideo_videoList"/>
  <testcase name="RegisterGameUser_success" time="0.031" classname="com.gateside.autotesting.generation.unittest.RegisterwithInviteCodeTestCase">
    <failure type="java.lang.NoClassDefFoundError" message="org/jaxen/JaxenException">
      <![CDATA[java.lang.NoClassDefFoundError: org/jaxen/JaxenException
	at org.dom4j.DocumentFactory.createXPath(DocumentFactory.java:230)
	at org.dom4j.tree.AbstractNode.createXPath(AbstractNode.java:207)
	at org.dom4j.tree.AbstractNode.selectNodes(AbstractNode.java:164)
	at com.gateside.autotesting.Lib.xmlService.XMLParser.getElementsByXPath(XMLParser.java:57)
	at com.gateside.autotesting.Lib.xmlService.XMLParser.getElementByID(XMLParser.java:32)
	at com.gateside.autotesting.Gat.manager.TestObjectManager.getTestObjectXML(TestObjectManager.java:21)
	at com.gateside.autotesting.Gat.manager.InterfaceStepsCaseManager.geTestCase(InterfaceStepsCaseManager.java:22)
	at com.gateside.autotesting.Gat.manager.InterfaceStepsCaseManager.geTestCase(InterfaceStepsCaseManager.java:13)
	at com.gateside.autotesting.Gat.manager.StepsCaseManager.getItem(StepsCaseManager.java:19)
	at com.gateside.autotesting.Gat.executor.CaseExecutor.getTestObject(CaseExecutor.java:52)
	at com.gateside.autotesting.Gat.executor.InterfaceStepsExecutor.getTestCase(InterfaceStepsExecutor.java:39)
	at com.gateside.autotesting.Gat.executor.InterfaceStepsExecutor.getTestCase(InterfaceStepsExecutor.java:12)
	at com.gateside.autotesting.Gat.executor.StepsExecutor.exectuePreStep(StepsExecutor.java:86)
	at com.gateside.autotesting.Gat.executor.StepsExecutor.setUp(StepsExecutor.java:30)
	at com.gateside.autotesting.Gat.executor.CaseExecutor.execute(CaseExecutor.java:32)
	at com.gateside.autotesting.generation.unittest.RegisterwithInviteCodeTestCase.RegisterGameUser_success(RegisterwithInviteCodeTestCase.java:26)
Caused by: java.lang.ClassNotFoundException: org.jaxen.JaxenException
	at java.net.URLClassLoader$1.run(URLClassLoader.java:366)
	at java.net.URLClassLoader$1.run(URLClassLoader.java:355)
	at java.security.AccessController.doPrivileged(Native Method)
	at java.net.URLClassLoader.findClass(URLClassLoader.java:354)
	at java.lang.ClassLoader.loadClass(ClassLoader.java:425)
	at sun.misc.Launcher$AppClassLoader.loadClass(Launcher.java:308)
	at java.lang.ClassLoader.loadClass(ClassLoader.java:358)
	... 43 more
... Removed 27 stack frames]]>
    </failure>
  </testcase> <!-- RegisterGameUser_success -->
  <testcase name="TeamOperationStep" time="0.016" classname="com.gateside.autotesting.generation.unittest.TeamTestCase">
    <failure type="java.lang.NoClassDefFoundError" message="org/jaxen/JaxenException">
      <![CDATA[java.lang.NoClassDefFoundError: org/jaxen/JaxenException
	at org.dom4j.DocumentFactory.createXPath(DocumentFactory.java:230)
	at org.dom4j.tree.AbstractNode.createXPath(AbstractNode.java:207)
	at org.dom4j.tree.AbstractNode.selectNodes(AbstractNode.java:164)
	at com.gateside.autotesting.Lib.xmlService.XMLParser.getElementsByXPath(XMLParser.java:57)
	at com.gateside.autotesting.Lib.xmlService.XMLParser.getElementByID(XMLParser.java:32)
	at com.gateside.autotesting.Gat.manager.TestObjectManager.getTestObjectXML(TestObjectManager.java:21)
	at com.gateside.autotesting.Gat.manager.InterfaceStepsCaseManager.geTestCase(InterfaceStepsCaseManager.java:22)
	at com.gateside.autotesting.Gat.manager.InterfaceStepsCaseManager.geTestCase(InterfaceStepsCaseManager.java:13)
	at com.gateside.autotesting.Gat.manager.StepsCaseManager.getItem(StepsCaseManager.java:19)
	at com.gateside.autotesting.Gat.executor.CaseExecutor.getTestObject(CaseExecutor.java:52)
	at com.gateside.autotesting.Gat.executor.InterfaceStepsExecutor.getTestCase(InterfaceStepsExecutor.java:39)
	at com.gateside.autotesting.Gat.executor.InterfaceStepsExecutor.getTestCase(InterfaceStepsExecutor.java:12)
	at com.gateside.autotesting.Gat.executor.StepsExecutor.exectuePreStep(StepsExecutor.java:86)
	at com.gateside.autotesting.Gat.executor.StepsExecutor.setUp(StepsExecutor.java:30)
	at com.gateside.autotesting.Gat.executor.CaseExecutor.execute(CaseExecutor.java:32)
	at com.gateside.autotesting.generation.unittest.TeamTestCase.TeamOperationStep(TeamTestCase.java:26)
Caused by: java.lang.ClassNotFoundException: org.jaxen.JaxenException
	at java.net.URLClassLoader$1.run(URLClassLoader.java:366)
	at java.net.URLClassLoader$1.run(URLClassLoader.java:355)
	at java.security.AccessController.doPrivileged(Native Method)
	at java.net.URLClassLoader.findClass(URLClassLoader.java:354)
	at java.lang.ClassLoader.loadClass(ClassLoader.java:425)
	at sun.misc.Launcher$AppClassLoader.loadClass(Launcher.java:308)
	at java.lang.ClassLoader.loadClass(ClassLoader.java:358)
	... 43 more
... Removed 27 stack frames]]>
    </failure>
  </testcase> <!-- TeamOperationStep -->
</testsuite> <!-- Test -->
